{"/home/bash/Desktop/Upwork projects/whatsappBot/functions/src/handlers/knockHandler.ts": {"path":"/home/bash/Desktop/Upwork projects/whatsappBot/functions/src/handlers/knockHandler.ts","statementMap":{"0":{"start":{"line":1,"column":0},"end":{"line":1,"column":56}},"1":{"start":{"line":2,"column":0},"end":{"line":2,"column":64}},"2":{"start":{"line":3,"column":0},"end":{"line":3,"column":91}},"3":{"start":{"line":4,"column":0},"end":{"line":4,"column":68}},"4":{"start":{"line":6,"column":0},"end":{"line":6,"column":24}},"5":{"start":{"line":8,"column":15},"end":{"line":8,"column":21}},"6":{"start":{"line":15,"column":27},"end":{"line":60,"column":1}},"7":{"start":{"line":16,"column":2},"end":{"line":16,"column":20}},"8":{"start":{"line":16,"column":13},"end":{"line":16,"column":20}},"9":{"start":{"line":18,"column":13},"end":{"line":18,"column":27}},"10":{"start":{"line":19,"column":17},"end":{"line":19,"column":39}},"11":{"start":{"line":22,"column":24},"end":{"line":22,"column":26}},"12":{"start":{"line":23,"column":28},"end":{"line":23,"column":30}},"13":{"start":{"line":25,"column":24},"end":{"line":25,"column":55}},"14":{"start":{"line":26,"column":2},"end":{"line":44,"column":3}},"15":{"start":{"line":27,"column":16},"end":{"line":27,"column":54}},"16":{"start":{"line":28,"column":21},"end":{"line":28,"column":64}},"17":{"start":{"line":29,"column":4},"end":{"line":34,"column":5}},"18":{"start":{"line":30,"column":6},"end":{"line":30,"column":49}},"19":{"start":{"line":31,"column":6},"end":{"line":33,"column":7}},"20":{"start":{"line":32,"column":8},"end":{"line":32,"column":53}},"21":{"start":{"line":36,"column":20},"end":{"line":36,"column":100}},"22":{"start":{"line":37,"column":4},"end":{"line":43,"column":5}},"23":{"start":{"line":38,"column":6},"end":{"line":38,"column":55}},"24":{"start":{"line":39,"column":23},"end":{"line":39,"column":57}},"25":{"start":{"line":40,"column":6},"end":{"line":42,"column":7}},"26":{"start":{"line":41,"column":8},"end":{"line":41,"column":33}},"27":{"start":{"line":46,"column":2},"end":{"line":46,"column":93}},"28":{"start":{"line":49,"column":14},"end":{"line":49,"column":188}},"29":{"start":{"line":51,"column":2},"end":{"line":51,"column":86}},"30":{"start":{"line":54,"column":2},"end":{"line":57,"column":5}},"31":{"start":{"line":59,"column":2},"end":{"line":59,"column":85}},"32":{"start":{"line":15,"column":13},"end":{"line":15,"column":27}}},"fnMap":{"0":{"name":"(anonymous_1)","decl":{"start":{"line":15,"column":27},"end":{"line":15,"column":32}},"loc":{"start":{"line":15,"column":79},"end":{"line":60,"column":1}}}},"branchMap":{"0":{"loc":{"start":{"line":16,"column":2},"end":{"line":16,"column":20}},"type":"if","locations":[{"start":{"line":16,"column":2},"end":{"line":16,"column":20}},{"start":{},"end":{}}]},"1":{"loc":{"start":{"line":26,"column":2},"end":{"line":44,"column":3}},"type":"if","locations":[{"start":{"line":26,"column":2},"end":{"line":44,"column":3}},{"start":{"line":35,"column":9},"end":{"line":44,"column":3}}]},"2":{"loc":{"start":{"line":27,"column":28},"end":{"line":27,"column":53}},"type":"binary-expr","locations":[{"start":{"line":27,"column":28},"end":{"line":27,"column":48}},{"start":{"line":27,"column":52},"end":{"line":27,"column":53}}]},"3":{"loc":{"start":{"line":29,"column":4},"end":{"line":34,"column":5}},"type":"if","locations":[{"start":{"line":29,"column":4},"end":{"line":34,"column":5}},{"start":{},"end":{}}]},"4":{"loc":{"start":{"line":29,"column":8},"end":{"line":29,"column":44}},"type":"binary-expr","locations":[{"start":{"line":29,"column":8},"end":{"line":29,"column":16}},{"start":{"line":29,"column":20},"end":{"line":29,"column":44}}]},"5":{"loc":{"start":{"line":31,"column":6},"end":{"line":33,"column":7}},"type":"if","locations":[{"start":{"line":31,"column":6},"end":{"line":33,"column":7}},{"start":{},"end":{}}]},"6":{"loc":{"start":{"line":31,"column":10},"end":{"line":31,"column":95}},"type":"binary-expr","locations":[{"start":{"line":31,"column":10},"end":{"line":31,"column":38}},{"start":{"line":31,"column":42},"end":{"line":31,"column":95}}]},"7":{"loc":{"start":{"line":36,"column":50},"end":{"line":36,"column":72}},"type":"binary-expr","locations":[{"start":{"line":36,"column":50},"end":{"line":36,"column":67}},{"start":{"line":36,"column":71},"end":{"line":36,"column":72}}]},"8":{"loc":{"start":{"line":36,"column":74},"end":{"line":36,"column":99}},"type":"binary-expr","locations":[{"start":{"line":36,"column":74},"end":{"line":36,"column":94}},{"start":{"line":36,"column":98},"end":{"line":36,"column":99}}]},"9":{"loc":{"start":{"line":37,"column":4},"end":{"line":43,"column":5}},"type":"if","locations":[{"start":{"line":37,"column":4},"end":{"line":43,"column":5}},{"start":{},"end":{}}]},"10":{"loc":{"start":{"line":40,"column":6},"end":{"line":42,"column":7}},"type":"if","locations":[{"start":{"line":40,"column":6},"end":{"line":42,"column":7}},{"start":{},"end":{}}]},"11":{"loc":{"start":{"line":40,"column":10},"end":{"line":40,"column":55}},"type":"binary-expr","locations":[{"start":{"line":40,"column":10},"end":{"line":40,"column":18}},{"start":{"line":40,"column":22},"end":{"line":40,"column":55}}]},"12":{"loc":{"start":{"line":46,"column":20},"end":{"line":46,"column":92}},"type":"binary-expr","locations":[{"start":{"line":46,"column":20},"end":{"line":46,"column":42}},{"start":{"line":46,"column":46},"end":{"line":46,"column":92}}]},"13":{"loc":{"start":{"line":51,"column":40},"end":{"line":51,"column":84}},"type":"cond-expr","locations":[{"start":{"line":51,"column":63},"end":{"line":51,"column":72}},{"start":{"line":51,"column":75},"end":{"line":51,"column":84}}]}},"s":{"0":1,"1":1,"2":1,"3":1,"4":1,"5":1,"6":1,"7":1,"8":0,"9":1,"10":1,"11":1,"12":1,"13":1,"14":1,"15":0,"16":0,"17":0,"18":0,"19":0,"20":0,"21":1,"22":1,"23":1,"24":1,"25":1,"26":1,"27":1,"28":1,"29":1,"30":1,"31":1,"32":1},"f":{"0":1},"b":{"0":[0,1],"1":[0,1],"2":[0,0],"3":[0,0],"4":[0,0],"5":[0,0],"6":[0,0],"7":[1,0],"8":[1,0],"9":[1,0],"10":[1,0],"11":[1,1],"12":[1,0],"13":[1,0]}}
,"/home/bash/Desktop/Upwork projects/whatsappBot/functions/src/handlers/onboardingHandler.ts": {"path":"/home/bash/Desktop/Upwork projects/whatsappBot/functions/src/handlers/onboardingHandler.ts","statementMap":{"0":{"start":{"line":1,"column":0},"end":{"line":1,"column":64}},"1":{"start":{"line":2,"column":0},"end":{"line":2,"column":null}},"2":{"start":{"line":9,"column":0},"end":{"line":9,"column":48}},"3":{"start":{"line":11,"column":0},"end":{"line":11,"column":104}},"4":{"start":{"line":12,"column":0},"end":{"line":12,"column":24}},"5":{"start":{"line":14,"column":15},"end":{"line":14,"column":21}},"6":{"start":{"line":17,"column":26},"end":{"line":17,"column":61}},"7":{"start":{"line":28,"column":32},"end":{"line":51,"column":1}},"8":{"start":{"line":30,"column":2},"end":{"line":40,"column":3}},"9":{"start":{"line":31,"column":17},"end":{"line":31,"column":38}},"10":{"start":{"line":32,"column":18},"end":{"line":32,"column":45}},"11":{"start":{"line":33,"column":19},"end":{"line":33,"column":35}},"12":{"start":{"line":34,"column":4},"end":{"line":37,"column":6}},"13":{"start":{"line":38,"column":4},"end":{"line":38,"column":83}},"14":{"start":{"line":39,"column":4},"end":{"line":39,"column":11}},"15":{"start":{"line":43,"column":2},"end":{"line":43,"column":33}},"16":{"start":{"line":45,"column":2},"end":{"line":48,"column":4}},"17":{"start":{"line":50,"column":2},"end":{"line":50,"column":63}},"18":{"start":{"line":28,"column":13},"end":{"line":28,"column":32}},"19":{"start":{"line":60,"column":31},"end":{"line":77,"column":1}},"20":{"start":{"line":62,"column":15},"end":{"line":65,"column":45}},"21":{"start":{"line":65,"column":29},"end":{"line":65,"column":44}},"22":{"start":{"line":68,"column":2},"end":{"line":68,"column":59}},"23":{"start":{"line":69,"column":2},"end":{"line":69,"column":41}},"24":{"start":{"line":71,"column":2},"end":{"line":74,"column":4}},"25":{"start":{"line":76,"column":2},"end":{"line":76,"column":75}},"26":{"start":{"line":60,"column":13},"end":{"line":60,"column":31}},"27":{"start":{"line":87,"column":31},"end":{"line":136,"column":1}},"28":{"start":{"line":89,"column":20},"end":{"line":89,"column":84}},"29":{"start":{"line":90,"column":17},"end":{"line":90,"column":90}},"30":{"start":{"line":92,"column":2},"end":{"line":98,"column":3}},"31":{"start":{"line":93,"column":4},"end":{"line":96,"column":6}},"32":{"start":{"line":97,"column":4},"end":{"line":97,"column":11}},"33":{"start":{"line":100,"column":25},"end":{"line":100,"column":101}},"34":{"start":{"line":103,"column":2},"end":{"line":103,"column":58}},"35":{"start":{"line":106,"column":2},"end":{"line":113,"column":22}},"36":{"start":{"line":115,"column":2},"end":{"line":115,"column":151}},"37":{"start":{"line":118,"column":2},"end":{"line":121,"column":4}},"38":{"start":{"line":124,"column":2},"end":{"line":129,"column":3}},"39":{"start":{"line":125,"column":25},"end":{"line":125,"column":88}},"40":{"start":{"line":125,"column":26},"end":{"line":125,"column":67}},"41":{"start":{"line":128,"column":4},"end":{"line":128,"column":56}},"42":{"start":{"line":132,"column":2},"end":{"line":135,"column":4}},"43":{"start":{"line":87,"column":13},"end":{"line":87,"column":31}}},"fnMap":{"0":{"name":"(anonymous_10)","decl":{"start":{"line":28,"column":32},"end":{"line":28,"column":37}},"loc":{"start":{"line":28,"column":99},"end":{"line":51,"column":1}}},"1":{"name":"(anonymous_11)","decl":{"start":{"line":60,"column":31},"end":{"line":60,"column":36}},"loc":{"start":{"line":60,"column":87},"end":{"line":77,"column":1}}},"2":{"name":"(anonymous_12)","decl":{"start":{"line":65,"column":22},"end":{"line":65,"column":23}},"loc":{"start":{"line":65,"column":29},"end":{"line":65,"column":44}}},"3":{"name":"(anonymous_13)","decl":{"start":{"line":87,"column":31},"end":{"line":87,"column":36}},"loc":{"start":{"line":87,"column":87},"end":{"line":136,"column":1}}},"4":{"name":"(anonymous_14)","decl":{"start":{"line":125,"column":26},"end":{"line":125,"column":39}},"loc":{"start":{"line":125,"column":26},"end":{"line":125,"column":67}}}},"branchMap":{"0":{"loc":{"start":{"line":17,"column":26},"end":{"line":17,"column":61}},"type":"binary-expr","locations":[{"start":{"line":17,"column":26},"end":{"line":17,"column":55}},{"start":{"line":17,"column":59},"end":{"line":17,"column":61}}]},"1":{"loc":{"start":{"line":30,"column":2},"end":{"line":40,"column":3}},"type":"if","locations":[{"start":{"line":30,"column":2},"end":{"line":40,"column":3}},{"start":{},"end":{}}]},"2":{"loc":{"start":{"line":30,"column":6},"end":{"line":30,"column":73}},"type":"binary-expr","locations":[{"start":{"line":30,"column":6},"end":{"line":30,"column":10}},{"start":{"line":30,"column":14},"end":{"line":30,"column":50}},{"start":{"line":30,"column":55},"end":{"line":30,"column":59}},{"start":{"line":30,"column":63},"end":{"line":30,"column":72}}]},"3":{"loc":{"start":{"line":31,"column":17},"end":{"line":31,"column":38}},"type":"binary-expr","locations":[{"start":{"line":31,"column":17},"end":{"line":31,"column":26}},{"start":{"line":31,"column":30},"end":{"line":31,"column":38}}]},"4":{"loc":{"start":{"line":32,"column":18},"end":{"line":32,"column":45}},"type":"binary-expr","locations":[{"start":{"line":32,"column":18},"end":{"line":32,"column":32}},{"start":{"line":32,"column":36},"end":{"line":32,"column":45}}]},"5":{"loc":{"start":{"line":33,"column":19},"end":{"line":33,"column":35}},"type":"binary-expr","locations":[{"start":{"line":33,"column":19},"end":{"line":33,"column":30}},{"start":{"line":33,"column":34},"end":{"line":33,"column":35}}]},"6":{"loc":{"start":{"line":36,"column":90},"end":{"line":36,"column":113}},"type":"cond-expr","locations":[{"start":{"line":36,"column":105},"end":{"line":36,"column":107}},{"start":{"line":36,"column":110},"end":{"line":36,"column":113}}]},"7":{"loc":{"start":{"line":89,"column":20},"end":{"line":89,"column":84}},"type":"binary-expr","locations":[{"start":{"line":89,"column":20},"end":{"line":89,"column":59}},{"start":{"line":89,"column":63},"end":{"line":89,"column":84}}]},"8":{"loc":{"start":{"line":90,"column":17},"end":{"line":90,"column":90}},"type":"cond-expr","locations":[{"start":{"line":90,"column":29},"end":{"line":90,"column":69}},{"start":{"line":90,"column":72},"end":{"line":90,"column":90}}]},"9":{"loc":{"start":{"line":92,"column":2},"end":{"line":98,"column":3}},"type":"if","locations":[{"start":{"line":92,"column":2},"end":{"line":98,"column":3}},{"start":{},"end":{}}]},"10":{"loc":{"start":{"line":124,"column":2},"end":{"line":129,"column":3}},"type":"if","locations":[{"start":{"line":124,"column":2},"end":{"line":129,"column":3}},{"start":{},"end":{}}]}},"s":{"0":1,"1":1,"2":1,"3":1,"4":1,"5":1,"6":1,"7":1,"8":0,"9":0,"10":0,"11":0,"12":0,"13":0,"14":0,"15":0,"16":0,"17":0,"18":1,"19":1,"20":0,"21":0,"22":0,"23":0,"24":0,"25":0,"26":1,"27":1,"28":0,"29":0,"30":0,"31":0,"32":0,"33":0,"34":0,"35":0,"36":0,"37":0,"38":0,"39":0,"40":0,"41":0,"42":0,"43":1},"f":{"0":0,"1":0,"2":0,"3":0,"4":0},"b":{"0":[1,1],"1":[0,0],"2":[0,0,0,0],"3":[0,0],"4":[0,0],"5":[0,0],"6":[0,0],"7":[0,0],"8":[0,0],"9":[0,0],"10":[0,0]}}
,"/home/bash/Desktop/Upwork projects/whatsappBot/functions/src/handlers/stubHandlers.ts": {"path":"/home/bash/Desktop/Upwork projects/whatsappBot/functions/src/handlers/stubHandlers.ts","statementMap":{"0":{"start":{"line":1,"column":0},"end":{"line":1,"column":64}},"1":{"start":{"line":2,"column":0},"end":{"line":2,"column":76}},"2":{"start":{"line":4,"column":18},"end":{"line":6,"column":1}},"3":{"start":{"line":5,"column":2},"end":{"line":5,"column":81}},"4":{"start":{"line":8,"column":13},"end":{"line":8,"column":50}},"5":{"start":{"line":10,"column":31},"end":{"line":10,"column":105}},"6":{"start":{"line":10,"column":72},"end":{"line":10,"column":105}},"7":{"start":{"line":10,"column":13},"end":{"line":10,"column":31}},"8":{"start":{"line":12,"column":37},"end":{"line":12,"column":114}},"9":{"start":{"line":12,"column":78},"end":{"line":12,"column":114}},"10":{"start":{"line":12,"column":13},"end":{"line":12,"column":37}},"11":{"start":{"line":13,"column":33},"end":{"line":13,"column":105}},"12":{"start":{"line":13,"column":74},"end":{"line":13,"column":105}},"13":{"start":{"line":13,"column":13},"end":{"line":13,"column":33}},"14":{"start":{"line":14,"column":30},"end":{"line":17,"column":1}},"15":{"start":{"line":16,"column":2},"end":{"line":16,"column":94}},"16":{"start":{"line":14,"column":13},"end":{"line":14,"column":30}}},"fnMap":{"0":{"name":"(anonymous_0)","decl":{"start":{"line":4,"column":18},"end":{"line":4,"column":23}},"loc":{"start":{"line":4,"column":63},"end":{"line":6,"column":1}}},"1":{"name":"(anonymous_1)","decl":{"start":{"line":10,"column":31},"end":{"line":10,"column":36}},"loc":{"start":{"line":10,"column":72},"end":{"line":10,"column":105}}},"2":{"name":"(anonymous_2)","decl":{"start":{"line":12,"column":37},"end":{"line":12,"column":42}},"loc":{"start":{"line":12,"column":78},"end":{"line":12,"column":114}}},"3":{"name":"(anonymous_3)","decl":{"start":{"line":13,"column":33},"end":{"line":13,"column":38}},"loc":{"start":{"line":13,"column":74},"end":{"line":13,"column":105}}},"4":{"name":"(anonymous_4)","decl":{"start":{"line":14,"column":30},"end":{"line":14,"column":35}},"loc":{"start":{"line":14,"column":54},"end":{"line":17,"column":1}}}},"branchMap":{},"s":{"0":1,"1":1,"2":1,"3":0,"4":1,"5":1,"6":0,"7":1,"8":1,"9":0,"10":1,"11":1,"12":0,"13":1,"14":1,"15":0,"16":1},"f":{"0":0,"1":0,"2":0,"3":0,"4":0},"b":{}}
,"/home/bash/Desktop/Upwork projects/whatsappBot/functions/src/handlers/webhook.ts": {"path":"/home/bash/Desktop/Upwork projects/whatsappBot/functions/src/handlers/webhook.ts","statementMap":{"0":{"start":{"line":1,"column":0},"end":{"line":1,"column":53}},"1":{"start":{"line":2,"column":0},"end":{"line":2,"column":61}},"2":{"start":{"line":3,"column":0},"end":{"line":3,"column":57}},"3":{"start":{"line":4,"column":0},"end":{"line":4,"column":24}},"4":{"start":{"line":6,"column":15},"end":{"line":6,"column":21}},"5":{"start":{"line":14,"column":36},"end":{"line":207,"column":1}},"6":{"start":{"line":15,"column":2},"end":{"line":206,"column":3}},"7":{"start":{"line":16,"column":55},"end":{"line":16,"column":null}},"8":{"start":{"line":23,"column":4},"end":{"line":26,"column":5}},"9":{"start":{"line":24,"column":6},"end":{"line":24,"column":62}},"10":{"start":{"line":25,"column":6},"end":{"line":25,"column":13}},"11":{"start":{"line":28,"column":18},"end":{"line":28,"column":47}},"12":{"start":{"line":29,"column":20},"end":{"line":29,"column":38}},"13":{"start":{"line":31,"column":4},"end":{"line":31,"column":68}},"14":{"start":{"line":36,"column":23},"end":{"line":36,"column":129}},"15":{"start":{"line":38,"column":4},"end":{"line":48,"column":5}},"16":{"start":{"line":39,"column":6},"end":{"line":46,"column":9}},"17":{"start":{"line":47,"column":6},"end":{"line":47,"column":13}},"18":{"start":{"line":51,"column":39},"end":{"line":51,"column":78}},"19":{"start":{"line":52,"column":53},"end":{"line":52,"column":95}},"20":{"start":{"line":53,"column":66},"end":{"line":53,"column":107}},"21":{"start":{"line":54,"column":18},"end":{"line":54,"column":48}},"22":{"start":{"line":55,"column":15},"end":{"line":55,"column":72}},"23":{"start":{"line":55,"column":16},"end":{"line":55,"column":56}},"24":{"start":{"line":57,"column":4},"end":{"line":201,"column":7}},"25":{"start":{"line":58,"column":17},"end":{"line":58,"column":37}},"26":{"start":{"line":59,"column":27},"end":{"line":59,"column":47}},"27":{"start":{"line":62,"column":4},"end":{"line":75,"column":5}},"28":{"start":{"line":63,"column":6},"end":{"line":71,"column":9}},"29":{"start":{"line":72,"column":6},"end":{"line":72,"column":142}},"30":{"start":{"line":73,"column":6},"end":{"line":73,"column":62}},"31":{"start":{"line":74,"column":6},"end":{"line":74,"column":13}},"32":{"start":{"line":79,"column":49},"end":{"line":79,"column":84}},"33":{"start":{"line":81,"column":4},"end":{"line":85,"column":5}},"34":{"start":{"line":82,"column":6},"end":{"line":82,"column":41}},"35":{"start":{"line":83,"column":6},"end":{"line":83,"column":72}},"36":{"start":{"line":84,"column":6},"end":{"line":84,"column":13}},"37":{"start":{"line":87,"column":4},"end":{"line":91,"column":5}},"38":{"start":{"line":88,"column":6},"end":{"line":88,"column":41}},"39":{"start":{"line":89,"column":6},"end":{"line":89,"column":72}},"40":{"start":{"line":90,"column":6},"end":{"line":90,"column":13}},"41":{"start":{"line":95,"column":4},"end":{"line":100,"column":5}},"42":{"start":{"line":96,"column":42},"end":{"line":96,"column":72}},"43":{"start":{"line":97,"column":6},"end":{"line":97,"column":55}},"44":{"start":{"line":98,"column":6},"end":{"line":98,"column":70}},"45":{"start":{"line":99,"column":6},"end":{"line":99,"column":13}},"46":{"start":{"line":104,"column":4},"end":{"line":109,"column":5}},"47":{"start":{"line":105,"column":35},"end":{"line":105,"column":64}},"48":{"start":{"line":106,"column":6},"end":{"line":106,"column":57}},"49":{"start":{"line":107,"column":6},"end":{"line":107,"column":68}},"50":{"start":{"line":108,"column":6},"end":{"line":108,"column":13}},"51":{"start":{"line":112,"column":4},"end":{"line":117,"column":5}},"52":{"start":{"line":113,"column":39},"end":{"line":113,"column":67}},"53":{"start":{"line":114,"column":6},"end":{"line":114,"column":62}},"54":{"start":{"line":115,"column":6},"end":{"line":115,"column":72}},"55":{"start":{"line":116,"column":6},"end":{"line":116,"column":13}},"56":{"start":{"line":120,"column":4},"end":{"line":125,"column":5}},"57":{"start":{"line":121,"column":43},"end":{"line":121,"column":74}},"58":{"start":{"line":122,"column":6},"end":{"line":122,"column":56}},"59":{"start":{"line":123,"column":6},"end":{"line":123,"column":77}},"60":{"start":{"line":124,"column":6},"end":{"line":124,"column":13}},"61":{"start":{"line":128,"column":4},"end":{"line":136,"column":5}},"62":{"start":{"line":129,"column":6},"end":{"line":135,"column":7}},"63":{"start":{"line":130,"column":8},"end":{"line":130,"column":44}},"64":{"start":{"line":131,"column":8},"end":{"line":131,"column":100}},"65":{"start":{"line":132,"column":8},"end":{"line":132,"column":107}},"66":{"start":{"line":133,"column":8},"end":{"line":133,"column":72}},"67":{"start":{"line":134,"column":8},"end":{"line":134,"column":15}},"68":{"start":{"line":139,"column":4},"end":{"line":146,"column":5}},"69":{"start":{"line":140,"column":6},"end":{"line":145,"column":7}},"70":{"start":{"line":141,"column":40},"end":{"line":141,"column":69}},"71":{"start":{"line":142,"column":8},"end":{"line":142,"column":53}},"72":{"start":{"line":143,"column":8},"end":{"line":143,"column":73}},"73":{"start":{"line":144,"column":8},"end":{"line":144,"column":15}},"74":{"start":{"line":148,"column":4},"end":{"line":199,"column":5}},"75":{"start":{"line":150,"column":8},"end":{"line":150,"column":50}},"76":{"start":{"line":151,"column":8},"end":{"line":151,"column":14}},"77":{"start":{"line":153,"column":8},"end":{"line":153,"column":75}},"78":{"start":{"line":153,"column":15},"end":{"line":153,"column":44}},"79":{"start":{"line":154,"column":8},"end":{"line":154,"column":14}},"80":{"start":{"line":156,"column":8},"end":{"line":156,"column":72}},"81":{"start":{"line":156,"column":15},"end":{"line":156,"column":45}},"82":{"start":{"line":157,"column":8},"end":{"line":157,"column":14}},"83":{"start":{"line":159,"column":8},"end":{"line":159,"column":40}},"84":{"start":{"line":160,"column":8},"end":{"line":160,"column":106}},"85":{"start":{"line":161,"column":8},"end":{"line":161,"column":14}},"86":{"start":{"line":163,"column":8},"end":{"line":163,"column":74}},"87":{"start":{"line":163,"column":15},"end":{"line":163,"column":44}},"88":{"start":{"line":164,"column":8},"end":{"line":164,"column":14}},"89":{"start":{"line":166,"column":8},"end":{"line":166,"column":80}},"90":{"start":{"line":166,"column":15},"end":{"line":166,"column":44}},"91":{"start":{"line":167,"column":8},"end":{"line":167,"column":14}},"92":{"start":{"line":169,"column":8},"end":{"line":169,"column":81}},"93":{"start":{"line":169,"column":15},"end":{"line":169,"column":46}},"94":{"start":{"line":170,"column":8},"end":{"line":170,"column":14}},"95":{"start":{"line":172,"column":8},"end":{"line":172,"column":51}},"96":{"start":{"line":172,"column":18},"end":{"line":172,"column":51}},"97":{"start":{"line":173,"column":8},"end":{"line":173,"column":83}},"98":{"start":{"line":174,"column":8},"end":{"line":174,"column":14}},"99":{"start":{"line":176,"column":8},"end":{"line":176,"column":52}},"100":{"start":{"line":176,"column":18},"end":{"line":176,"column":52}},"101":{"start":{"line":177,"column":8},"end":{"line":177,"column":89}},"102":{"start":{"line":178,"column":8},"end":{"line":178,"column":14}},"103":{"start":{"line":180,"column":8},"end":{"line":180,"column":479}},"104":{"start":{"line":181,"column":8},"end":{"line":181,"column":14}},"105":{"start":{"line":183,"column":8},"end":{"line":183,"column":82}},"106":{"start":{"line":183,"column":15},"end":{"line":183,"column":45}},"107":{"start":{"line":184,"column":8},"end":{"line":184,"column":14}},"108":{"start":{"line":186,"column":8},"end":{"line":186,"column":82}},"109":{"start":{"line":186,"column":15},"end":{"line":186,"column":45}},"110":{"start":{"line":187,"column":8},"end":{"line":187,"column":14}},"111":{"start":{"line":189,"column":8},"end":{"line":189,"column":81}},"112":{"start":{"line":189,"column":15},"end":{"line":189,"column":43}},"113":{"start":{"line":190,"column":8},"end":{"line":190,"column":14}},"114":{"start":{"line":192,"column":8},"end":{"line":192,"column":77}},"115":{"start":{"line":192,"column":15},"end":{"line":192,"column":44}},"116":{"start":{"line":193,"column":8},"end":{"line":193,"column":14}},"117":{"start":{"line":195,"column":8},"end":{"line":195,"column":81}},"118":{"start":{"line":195,"column":15},"end":{"line":195,"column":48}},"119":{"start":{"line":196,"column":8},"end":{"line":196,"column":14}},"120":{"start":{"line":198,"column":8},"end":{"line":198,"column":42}},"121":{"start":{"line":200,"column":4},"end":{"line":200,"column":61}},"122":{"start":{"line":202,"column":4},"end":{"line":202,"column":11}},"123":{"start":{"line":204,"column":4},"end":{"line":204,"column":49}},"124":{"start":{"line":205,"column":4},"end":{"line":205,"column":61}},"125":{"start":{"line":14,"column":13},"end":{"line":14,"column":36}},"126":{"start":{"line":213,"column":25},"end":{"line":227,"column":1}},"127":{"start":{"line":214,"column":14},"end":{"line":214,"column":23}},"128":{"start":{"line":215,"column":2},"end":{"line":215,"column":26}},"129":{"start":{"line":216,"column":2},"end":{"line":216,"column":50}},"130":{"start":{"line":219,"column":2},"end":{"line":219,"column":93}},"131":{"start":{"line":219,"column":36},"end":{"line":219,"column":91}},"132":{"start":{"line":223,"column":2},"end":{"line":223,"column":38}},"133":{"start":{"line":224,"column":2},"end":{"line":224,"column":45}},"134":{"start":{"line":226,"column":2},"end":{"line":226,"column":13}},"135":{"start":{"line":213,"column":13},"end":{"line":213,"column":25}}},"fnMap":{"0":{"name":"(anonymous_10)","decl":{"start":{"line":14,"column":36},"end":{"line":14,"column":41}},"loc":{"start":{"line":14,"column":89},"end":{"line":207,"column":1}}},"1":{"name":"(anonymous_11)","decl":{"start":{"line":51,"column":39},"end":{"line":51,"column":52}},"loc":{"start":{"line":51,"column":39},"end":{"line":51,"column":78}}},"2":{"name":"(anonymous_12)","decl":{"start":{"line":52,"column":53},"end":{"line":52,"column":66}},"loc":{"start":{"line":52,"column":53},"end":{"line":52,"column":95}}},"3":{"name":"(anonymous_13)","decl":{"start":{"line":53,"column":66},"end":{"line":53,"column":79}},"loc":{"start":{"line":53,"column":66},"end":{"line":53,"column":107}}},"4":{"name":"(anonymous_14)","decl":{"start":{"line":54,"column":18},"end":{"line":54,"column":31}},"loc":{"start":{"line":54,"column":18},"end":{"line":54,"column":48}}},"5":{"name":"(anonymous_15)","decl":{"start":{"line":55,"column":16},"end":{"line":55,"column":29}},"loc":{"start":{"line":55,"column":16},"end":{"line":55,"column":56}}},"6":{"name":"(anonymous_16)","decl":{"start":{"line":57,"column":76},"end":{"line":57,"column":81}},"loc":{"start":{"line":57,"column":87},"end":{"line":201,"column":5}}},"7":{"name":"(anonymous_17)","decl":{"start":{"line":79,"column":49},"end":{"line":79,"column":62}},"loc":{"start":{"line":79,"column":49},"end":{"line":79,"column":84}}},"8":{"name":"(anonymous_18)","decl":{"start":{"line":96,"column":42},"end":{"line":96,"column":55}},"loc":{"start":{"line":96,"column":42},"end":{"line":96,"column":72}}},"9":{"name":"(anonymous_19)","decl":{"start":{"line":105,"column":35},"end":{"line":105,"column":48}},"loc":{"start":{"line":105,"column":35},"end":{"line":105,"column":64}}},"10":{"name":"(anonymous_20)","decl":{"start":{"line":113,"column":39},"end":{"line":113,"column":52}},"loc":{"start":{"line":113,"column":39},"end":{"line":113,"column":67}}},"11":{"name":"(anonymous_21)","decl":{"start":{"line":121,"column":43},"end":{"line":121,"column":56}},"loc":{"start":{"line":121,"column":43},"end":{"line":121,"column":74}}},"12":{"name":"(anonymous_22)","decl":{"start":{"line":141,"column":40},"end":{"line":141,"column":53}},"loc":{"start":{"line":141,"column":40},"end":{"line":141,"column":69}}},"13":{"name":"(anonymous_23)","decl":{"start":{"line":153,"column":15},"end":{"line":153,"column":28}},"loc":{"start":{"line":153,"column":15},"end":{"line":153,"column":44}}},"14":{"name":"(anonymous_24)","decl":{"start":{"line":156,"column":15},"end":{"line":156,"column":28}},"loc":{"start":{"line":156,"column":15},"end":{"line":156,"column":45}}},"15":{"name":"(anonymous_25)","decl":{"start":{"line":163,"column":15},"end":{"line":163,"column":28}},"loc":{"start":{"line":163,"column":15},"end":{"line":163,"column":44}}},"16":{"name":"(anonymous_26)","decl":{"start":{"line":166,"column":15},"end":{"line":166,"column":28}},"loc":{"start":{"line":166,"column":15},"end":{"line":166,"column":44}}},"17":{"name":"(anonymous_27)","decl":{"start":{"line":169,"column":15},"end":{"line":169,"column":28}},"loc":{"start":{"line":169,"column":15},"end":{"line":169,"column":46}}},"18":{"name":"(anonymous_28)","decl":{"start":{"line":183,"column":15},"end":{"line":183,"column":28}},"loc":{"start":{"line":183,"column":15},"end":{"line":183,"column":45}}},"19":{"name":"(anonymous_29)","decl":{"start":{"line":186,"column":15},"end":{"line":186,"column":28}},"loc":{"start":{"line":186,"column":15},"end":{"line":186,"column":45}}},"20":{"name":"(anonymous_30)","decl":{"start":{"line":189,"column":15},"end":{"line":189,"column":28}},"loc":{"start":{"line":189,"column":15},"end":{"line":189,"column":43}}},"21":{"name":"(anonymous_31)","decl":{"start":{"line":192,"column":15},"end":{"line":192,"column":28}},"loc":{"start":{"line":192,"column":15},"end":{"line":192,"column":44}}},"22":{"name":"(anonymous_32)","decl":{"start":{"line":195,"column":15},"end":{"line":195,"column":28}},"loc":{"start":{"line":195,"column":15},"end":{"line":195,"column":48}}},"23":{"name":"(anonymous_33)","decl":{"start":{"line":213,"column":25},"end":{"line":213,"column":49}},"loc":{"start":{"line":213,"column":51},"end":{"line":227,"column":1}}},"24":{"name":"(anonymous_34)","decl":{"start":{"line":219,"column":21},"end":{"line":219,"column":22}},"loc":{"start":{"line":219,"column":36},"end":{"line":219,"column":91}}}},"branchMap":{"0":{"loc":{"start":{"line":23,"column":4},"end":{"line":26,"column":5}},"type":"if","locations":[{"start":{"line":23,"column":4},"end":{"line":26,"column":5}},{"start":{},"end":{}}]},"1":{"loc":{"start":{"line":23,"column":8},"end":{"line":23,"column":22}},"type":"binary-expr","locations":[{"start":{"line":23,"column":8},"end":{"line":23,"column":13}},{"start":{"line":23,"column":17},"end":{"line":23,"column":22}}]},"2":{"loc":{"start":{"line":36,"column":23},"end":{"line":36,"column":129}},"type":"binary-expr","locations":[{"start":{"line":36,"column":24},"end":{"line":36,"column":56}},{"start":{"line":36,"column":60},"end":{"line":36,"column":93}},{"start":{"line":36,"column":98},"end":{"line":36,"column":129}}]},"3":{"loc":{"start":{"line":38,"column":4},"end":{"line":48,"column":5}},"type":"if","locations":[{"start":{"line":38,"column":4},"end":{"line":48,"column":5}},{"start":{},"end":{}}]},"4":{"loc":{"start":{"line":43,"column":17},"end":{"line":45,"column":68}},"type":"cond-expr","locations":[{"start":{"line":44,"column":12},"end":{"line":44,"column":46}},{"start":{"line":45,"column":12},"end":{"line":45,"column":68}}]},"5":{"loc":{"start":{"line":62,"column":4},"end":{"line":75,"column":5}},"type":"if","locations":[{"start":{"line":62,"column":4},"end":{"line":75,"column":5}},{"start":{},"end":{}}]},"6":{"loc":{"start":{"line":81,"column":4},"end":{"line":85,"column":5}},"type":"if","locations":[{"start":{"line":81,"column":4},"end":{"line":85,"column":5}},{"start":{},"end":{}}]},"7":{"loc":{"start":{"line":87,"column":4},"end":{"line":91,"column":5}},"type":"if","locations":[{"start":{"line":87,"column":4},"end":{"line":91,"column":5}},{"start":{},"end":{}}]},"8":{"loc":{"start":{"line":95,"column":4},"end":{"line":100,"column":5}},"type":"if","locations":[{"start":{"line":95,"column":4},"end":{"line":100,"column":5}},{"start":{},"end":{}}]},"9":{"loc":{"start":{"line":104,"column":4},"end":{"line":109,"column":5}},"type":"if","locations":[{"start":{"line":104,"column":4},"end":{"line":109,"column":5}},{"start":{},"end":{}}]},"10":{"loc":{"start":{"line":112,"column":4},"end":{"line":117,"column":5}},"type":"if","locations":[{"start":{"line":112,"column":4},"end":{"line":117,"column":5}},{"start":{},"end":{}}]},"11":{"loc":{"start":{"line":112,"column":8},"end":{"line":112,"column":72}},"type":"binary-expr","locations":[{"start":{"line":112,"column":8},"end":{"line":112,"column":36}},{"start":{"line":112,"column":40},"end":{"line":112,"column":72}}]},"12":{"loc":{"start":{"line":120,"column":4},"end":{"line":125,"column":5}},"type":"if","locations":[{"start":{"line":120,"column":4},"end":{"line":125,"column":5}},{"start":{},"end":{}}]},"13":{"loc":{"start":{"line":128,"column":4},"end":{"line":136,"column":5}},"type":"if","locations":[{"start":{"line":128,"column":4},"end":{"line":136,"column":5}},{"start":{},"end":{}}]},"14":{"loc":{"start":{"line":129,"column":6},"end":{"line":135,"column":7}},"type":"if","locations":[{"start":{"line":129,"column":6},"end":{"line":135,"column":7}},{"start":{},"end":{}}]},"15":{"loc":{"start":{"line":129,"column":10},"end":{"line":129,"column":67}},"type":"binary-expr","locations":[{"start":{"line":129,"column":10},"end":{"line":129,"column":36}},{"start":{"line":129,"column":40},"end":{"line":129,"column":67}}]},"16":{"loc":{"start":{"line":139,"column":4},"end":{"line":146,"column":5}},"type":"if","locations":[{"start":{"line":139,"column":4},"end":{"line":146,"column":5}},{"start":{},"end":{}}]},"17":{"loc":{"start":{"line":140,"column":6},"end":{"line":145,"column":7}},"type":"if","locations":[{"start":{"line":140,"column":6},"end":{"line":145,"column":7}},{"start":{},"end":{}}]},"18":{"loc":{"start":{"line":140,"column":10},"end":{"line":140,"column":67}},"type":"binary-expr","locations":[{"start":{"line":140,"column":10},"end":{"line":140,"column":36}},{"start":{"line":140,"column":40},"end":{"line":140,"column":67}}]},"19":{"loc":{"start":{"line":148,"column":4},"end":{"line":199,"column":5}},"type":"switch","locations":[{"start":{"line":149,"column":6},"end":{"line":151,"column":14}},{"start":{"line":152,"column":6},"end":{"line":154,"column":14}},{"start":{"line":155,"column":6},"end":{"line":157,"column":14}},{"start":{"line":158,"column":6},"end":{"line":161,"column":14}},{"start":{"line":162,"column":6},"end":{"line":164,"column":14}},{"start":{"line":165,"column":6},"end":{"line":167,"column":14}},{"start":{"line":168,"column":6},"end":{"line":170,"column":14}},{"start":{"line":171,"column":6},"end":{"line":174,"column":14}},{"start":{"line":175,"column":6},"end":{"line":178,"column":14}},{"start":{"line":179,"column":6},"end":{"line":181,"column":14}},{"start":{"line":182,"column":6},"end":{"line":184,"column":14}},{"start":{"line":185,"column":6},"end":{"line":187,"column":14}},{"start":{"line":188,"column":6},"end":{"line":190,"column":14}},{"start":{"line":191,"column":6},"end":{"line":193,"column":14}},{"start":{"line":194,"column":6},"end":{"line":196,"column":14}},{"start":{"line":197,"column":6},"end":{"line":198,"column":42}}]},"20":{"loc":{"start":{"line":172,"column":8},"end":{"line":172,"column":51}},"type":"if","locations":[{"start":{"line":172,"column":8},"end":{"line":172,"column":51}},{"start":{},"end":{}}]},"21":{"loc":{"start":{"line":176,"column":8},"end":{"line":176,"column":52}},"type":"if","locations":[{"start":{"line":176,"column":8},"end":{"line":176,"column":52}},{"start":{},"end":{}}]}},"s":{"0":1,"1":1,"2":1,"3":1,"4":1,"5":1,"6":1,"7":1,"8":1,"9":0,"10":0,"11":1,"12":1,"13":1,"14":1,"15":1,"16":0,"17":0,"18":2,"19":2,"20":2,"21":2,"22":1,"23":1,"24":1,"25":1,"26":1,"27":1,"28":0,"29":0,"30":0,"31":0,"32":2,"33":1,"34":0,"35":0,"36":0,"37":1,"38":0,"39":0,"40":0,"41":1,"42":0,"43":0,"44":0,"45":0,"46":1,"47":0,"48":0,"49":0,"50":0,"51":1,"52":2,"53":1,"54":1,"55":1,"56":0,"57":0,"58":0,"59":0,"60":0,"61":0,"62":0,"63":0,"64":0,"65":0,"66":0,"67":0,"68":0,"69":0,"70":0,"71":0,"72":0,"73":0,"74":0,"75":0,"76":0,"77":0,"78":0,"79":0,"80":0,"81":0,"82":0,"83":0,"84":0,"85":0,"86":0,"87":0,"88":0,"89":0,"90":0,"91":0,"92":0,"93":0,"94":0,"95":0,"96":0,"97":0,"98":0,"99":0,"100":0,"101":0,"102":0,"103":0,"104":0,"105":0,"106":0,"107":0,"108":0,"109":0,"110":0,"111":0,"112":0,"113":0,"114":0,"115":0,"116":0,"117":0,"118":0,"119":0,"120":0,"121":0,"122":1,"123":0,"124":0,"125":1,"126":1,"127":0,"128":0,"129":0,"130":0,"131":0,"132":0,"133":0,"134":0,"135":1},"f":{"0":1,"1":1,"2":1,"3":1,"4":1,"5":1,"6":1,"7":1,"8":0,"9":0,"10":1,"11":0,"12":0,"13":0,"14":0,"15":0,"16":0,"17":0,"18":0,"19":0,"20":0,"21":0,"22":0,"23":0,"24":0},"b":{"0":[0,1],"1":[1,1],"2":[1,0,1],"3":[0,1],"4":[0,0],"5":[0,1],"6":[0,1],"7":[0,1],"8":[0,1],"9":[0,1],"10":[1,0],"11":[1,1],"12":[0,0],"13":[0,0],"14":[0,0],"15":[0,0],"16":[0,0],"17":[0,0],"18":[0,0],"19":[0,0,0,0,0,0,0,0,0,0,0,0,0,0,0,0],"20":[0,0],"21":[0,0]}}
,"/home/bash/Desktop/Upwork projects/whatsappBot/functions/src/handlers/yesHandler.ts": {"path":"/home/bash/Desktop/Upwork projects/whatsappBot/functions/src/handlers/yesHandler.ts","statementMap":{"0":{"start":{"line":1,"column":0},"end":{"line":1,"column":68}},"1":{"start":{"line":2,"column":0},"end":{"line":2,"column":64}},"2":{"start":{"line":3,"column":0},"end":{"line":3,"column":60}},"3":{"start":{"line":5,"column":0},"end":{"line":5,"column":24}},"4":{"start":{"line":7,"column":15},"end":{"line":7,"column":21}},"5":{"start":{"line":9,"column":19},"end":{"line":9,"column":43}},"6":{"start":{"line":14,"column":36},"end":{"line":67,"column":1}},"7":{"start":{"line":15,"column":2},"end":{"line":15,"column":20}},"8":{"start":{"line":15,"column":13},"end":{"line":15,"column":20}},"9":{"start":{"line":17,"column":13},"end":{"line":17,"column":27}},"10":{"start":{"line":18,"column":17},"end":{"line":18,"column":39}},"11":{"start":{"line":21,"column":16},"end":{"line":21,"column":76}},"12":{"start":{"line":24,"column":64},"end":{"line":24,"column":123}},"13":{"start":{"line":25,"column":23},"end":{"line":25,"column":49}},"14":{"start":{"line":27,"column":12},"end":{"line":27,"column":14}},"15":{"start":{"line":29,"column":2},"end":{"line":43,"column":3}},"16":{"start":{"line":30,"column":4},"end":{"line":30,"column":119}},"17":{"start":{"line":32,"column":4},"end":{"line":36,"column":5}},"18":{"start":{"line":33,"column":6},"end":{"line":33,"column":83}},"19":{"start":{"line":35,"column":6},"end":{"line":35,"column":88}},"20":{"start":{"line":39,"column":4},"end":{"line":42,"column":7}},"21":{"start":{"line":46,"column":2},"end":{"line":63,"column":3}},"22":{"start":{"line":47,"column":17},"end":{"line":47,"column":38}},"23":{"start":{"line":48,"column":4},"end":{"line":62,"column":5}},"24":{"start":{"line":49,"column":6},"end":{"line":49,"column":180}},"25":{"start":{"line":50,"column":11},"end":{"line":62,"column":5}},"26":{"start":{"line":51,"column":6},"end":{"line":51,"column":179}},"27":{"start":{"line":52,"column":11},"end":{"line":62,"column":5}},"28":{"start":{"line":53,"column":6},"end":{"line":53,"column":154}},"29":{"start":{"line":54,"column":11},"end":{"line":62,"column":5}},"30":{"start":{"line":55,"column":6},"end":{"line":55,"column":154}},"31":{"start":{"line":56,"column":11},"end":{"line":62,"column":5}},"32":{"start":{"line":57,"column":6},"end":{"line":57,"column":158}},"33":{"start":{"line":58,"column":11},"end":{"line":62,"column":5}},"34":{"start":{"line":59,"column":6},"end":{"line":59,"column":160}},"35":{"start":{"line":60,"column":11},"end":{"line":62,"column":5}},"36":{"start":{"line":61,"column":6},"end":{"line":61,"column":179}},"37":{"start":{"line":65,"column":2},"end":{"line":65,"column":40}},"38":{"start":{"line":66,"column":2},"end":{"line":66,"column":100}},"39":{"start":{"line":14,"column":13},"end":{"line":14,"column":36}}},"fnMap":{"0":{"name":"(anonymous_1)","decl":{"start":{"line":14,"column":36},"end":{"line":14,"column":41}},"loc":{"start":{"line":14,"column":105},"end":{"line":67,"column":1}}}},"branchMap":{"0":{"loc":{"start":{"line":15,"column":2},"end":{"line":15,"column":20}},"type":"if","locations":[{"start":{"line":15,"column":2},"end":{"line":15,"column":20}},{"start":{},"end":{}}]},"1":{"loc":{"start":{"line":21,"column":16},"end":{"line":21,"column":76}},"type":"cond-expr","locations":[{"start":{"line":21,"column":70},"end":{"line":21,"column":72}},{"start":{"line":21,"column":75},"end":{"line":21,"column":76}}]},"2":{"loc":{"start":{"line":21,"column":17},"end":{"line":21,"column":66}},"type":"binary-expr","locations":[{"start":{"line":21,"column":17},"end":{"line":21,"column":39}},{"start":{"line":21,"column":43},"end":{"line":21,"column":66}}]},"3":{"loc":{"start":{"line":24,"column":93},"end":{"line":24,"column":115}},"type":"binary-expr","locations":[{"start":{"line":24,"column":93},"end":{"line":24,"column":106}},{"start":{"line":24,"column":110},"end":{"line":24,"column":115}}]},"4":{"loc":{"start":{"line":25,"column":23},"end":{"line":25,"column":49}},"type":"binary-expr","locations":[{"start":{"line":25,"column":23},"end":{"line":25,"column":40}},{"start":{"line":25,"column":44},"end":{"line":25,"column":49}}]},"5":{"loc":{"start":{"line":29,"column":2},"end":{"line":43,"column":3}},"type":"if","locations":[{"start":{"line":29,"column":2},"end":{"line":43,"column":3}},{"start":{"line":31,"column":9},"end":{"line":43,"column":3}}]},"6":{"loc":{"start":{"line":32,"column":4},"end":{"line":36,"column":5}},"type":"if","locations":[{"start":{"line":32,"column":4},"end":{"line":36,"column":5}},{"start":{"line":34,"column":11},"end":{"line":36,"column":5}}]},"7":{"loc":{"start":{"line":46,"column":2},"end":{"line":63,"column":3}},"type":"if","locations":[{"start":{"line":46,"column":2},"end":{"line":63,"column":3}},{"start":{},"end":{}}]},"8":{"loc":{"start":{"line":47,"column":17},"end":{"line":47,"column":38}},"type":"binary-expr","locations":[{"start":{"line":47,"column":17},"end":{"line":47,"column":26}},{"start":{"line":47,"column":30},"end":{"line":47,"column":38}}]},"9":{"loc":{"start":{"line":48,"column":4},"end":{"line":62,"column":5}},"type":"if","locations":[{"start":{"line":48,"column":4},"end":{"line":62,"column":5}},{"start":{"line":50,"column":11},"end":{"line":62,"column":5}}]},"10":{"loc":{"start":{"line":50,"column":11},"end":{"line":62,"column":5}},"type":"if","locations":[{"start":{"line":50,"column":11},"end":{"line":62,"column":5}},{"start":{"line":52,"column":11},"end":{"line":62,"column":5}}]},"11":{"loc":{"start":{"line":52,"column":11},"end":{"line":62,"column":5}},"type":"if","locations":[{"start":{"line":52,"column":11},"end":{"line":62,"column":5}},{"start":{"line":54,"column":11},"end":{"line":62,"column":5}}]},"12":{"loc":{"start":{"line":54,"column":11},"end":{"line":62,"column":5}},"type":"if","locations":[{"start":{"line":54,"column":11},"end":{"line":62,"column":5}},{"start":{"line":56,"column":11},"end":{"line":62,"column":5}}]},"13":{"loc":{"start":{"line":56,"column":11},"end":{"line":62,"column":5}},"type":"if","locations":[{"start":{"line":56,"column":11},"end":{"line":62,"column":5}},{"start":{"line":58,"column":11},"end":{"line":62,"column":5}}]},"14":{"loc":{"start":{"line":58,"column":11},"end":{"line":62,"column":5}},"type":"if","locations":[{"start":{"line":58,"column":11},"end":{"line":62,"column":5}},{"start":{"line":60,"column":11},"end":{"line":62,"column":5}}]},"15":{"loc":{"start":{"line":60,"column":11},"end":{"line":62,"column":5}},"type":"if","locations":[{"start":{"line":60,"column":11},"end":{"line":62,"column":5}},{"start":{},"end":{}}]}},"s":{"0":1,"1":1,"2":1,"3":1,"4":1,"5":1,"6":1,"7":3,"8":0,"9":3,"10":3,"11":3,"12":3,"13":3,"14":3,"15":3,"16":2,"17":1,"18":1,"19":0,"20":1,"21":3,"22":3,"23":3,"24":0,"25":3,"26":0,"27":3,"28":0,"29":3,"30":0,"31":3,"32":0,"33":3,"34":0,"35":3,"36":0,"37":3,"38":3,"39":1},"f":{"0":3},"b":{"0":[0,3],"1":[1,2],"2":[3,2],"3":[3,0],"4":[3,0],"5":[2,1],"6":[1,0],"7":[3,0],"8":[3,3],"9":[0,3],"10":[0,3],"11":[0,3],"12":[0,3],"13":[0,3],"14":[0,3],"15":[0,3]}}
,"/home/bash/Desktop/Upwork projects/whatsappBot/functions/src/services/fuzzyMatchService.ts": {"path":"/home/bash/Desktop/Upwork projects/whatsappBot/functions/src/services/fuzzyMatchService.ts","statementMap":{"0":{"start":{"line":1,"column":0},"end":{"line":1,"column":47}},"1":{"start":{"line":2,"column":0},"end":{"line":2,"column":57}},"2":{"start":{"line":4,"column":13},"end":{"line":8,"column":2}},"3":{"start":{"line":14,"column":28},"end":{"line":70,"column":1}},"4":{"start":{"line":15,"column":21},"end":{"line":15,"column":42}},"5":{"start":{"line":17,"column":2},"end":{"line":17,"column":31}},"6":{"start":{"line":17,"column":19},"end":{"line":17,"column":31}},"7":{"start":{"line":20,"column":2},"end":{"line":22,"column":3}},"8":{"start":{"line":21,"column":4},"end":{"line":21,"column":22}},"9":{"start":{"line":25,"column":20},"end":{"line":25,"column":46}},"10":{"start":{"line":26,"column":2},"end":{"line":28,"column":3}},"11":{"start":{"line":27,"column":4},"end":{"line":27,"column":21}},"12":{"start":{"line":31,"column":37},"end":{"line":31,"column":41}},"13":{"start":{"line":32,"column":24},"end":{"line":32,"column":32}},"14":{"start":{"line":34,"column":2},"end":{"line":47,"column":3}},"15":{"start":{"line":35,"column":17},"end":{"line":35,"column":45}},"16":{"start":{"line":39,"column":22},"end":{"line":39,"column":95}},"17":{"start":{"line":41,"column":4},"end":{"line":46,"column":5}},"18":{"start":{"line":42,"column":6},"end":{"line":45,"column":7}},"19":{"start":{"line":43,"column":8},"end":{"line":43,"column":31}},"20":{"start":{"line":44,"column":8},"end":{"line":44,"column":32}},"21":{"start":{"line":49,"column":2},"end":{"line":51,"column":3}},"22":{"start":{"line":50,"column":4},"end":{"line":50,"column":25}},"23":{"start":{"line":54,"column":2},"end":{"line":67,"column":3}},"24":{"start":{"line":55,"column":35},"end":{"line":55,"column":39}},"25":{"start":{"line":56,"column":22},"end":{"line":56,"column":30}},"26":{"start":{"line":58,"column":4},"end":{"line":64,"column":5}},"27":{"start":{"line":59,"column":19},"end":{"line":59,"column":48}},"28":{"start":{"line":60,"column":6},"end":{"line":63,"column":7}},"29":{"start":{"line":61,"column":8},"end":{"line":61,"column":27}},"30":{"start":{"line":62,"column":8},"end":{"line":62,"column":28}},"31":{"start":{"line":66,"column":4},"end":{"line":66,"column":36}},"32":{"start":{"line":66,"column":19},"end":{"line":66,"column":36}},"33":{"start":{"line":69,"column":2},"end":{"line":69,"column":14}},"34":{"start":{"line":14,"column":13},"end":{"line":14,"column":28}}},"fnMap":{"0":{"name":"(anonymous_0)","decl":{"start":{"line":14,"column":28},"end":{"line":14,"column":29}},"loc":{"start":{"line":14,"column":61},"end":{"line":70,"column":1}}}},"branchMap":{"0":{"loc":{"start":{"line":17,"column":2},"end":{"line":17,"column":31}},"type":"if","locations":[{"start":{"line":17,"column":2},"end":{"line":17,"column":31}},{"start":{},"end":{}}]},"1":{"loc":{"start":{"line":20,"column":2},"end":{"line":22,"column":3}},"type":"if","locations":[{"start":{"line":20,"column":2},"end":{"line":22,"column":3}},{"start":{},"end":{}}]},"2":{"loc":{"start":{"line":26,"column":2},"end":{"line":28,"column":3}},"type":"if","locations":[{"start":{"line":26,"column":2},"end":{"line":28,"column":3}},{"start":{},"end":{}}]},"3":{"loc":{"start":{"line":41,"column":4},"end":{"line":46,"column":5}},"type":"if","locations":[{"start":{"line":41,"column":4},"end":{"line":46,"column":5}},{"start":{},"end":{}}]},"4":{"loc":{"start":{"line":41,"column":8},"end":{"line":41,"column":46}},"type":"binary-expr","locations":[{"start":{"line":41,"column":8},"end":{"line":41,"column":17}},{"start":{"line":41,"column":22},"end":{"line":41,"column":32}},{"start":{"line":41,"column":36},"end":{"line":41,"column":45}}]},"5":{"loc":{"start":{"line":42,"column":6},"end":{"line":45,"column":7}},"type":"if","locations":[{"start":{"line":42,"column":6},"end":{"line":45,"column":7}},{"start":{},"end":{}}]},"6":{"loc":{"start":{"line":49,"column":2},"end":{"line":51,"column":3}},"type":"if","locations":[{"start":{"line":49,"column":2},"end":{"line":51,"column":3}},{"start":{},"end":{}}]},"7":{"loc":{"start":{"line":54,"column":2},"end":{"line":67,"column":3}},"type":"if","locations":[{"start":{"line":54,"column":2},"end":{"line":67,"column":3}},{"start":{},"end":{}}]},"8":{"loc":{"start":{"line":60,"column":6},"end":{"line":63,"column":7}},"type":"if","locations":[{"start":{"line":60,"column":6},"end":{"line":63,"column":7}},{"start":{},"end":{}}]},"9":{"loc":{"start":{"line":60,"column":10},"end":{"line":60,"column":41}},"type":"binary-expr","locations":[{"start":{"line":60,"column":10},"end":{"line":60,"column":19}},{"start":{"line":60,"column":23},"end":{"line":60,"column":41}}]},"10":{"loc":{"start":{"line":66,"column":4},"end":{"line":66,"column":36}},"type":"if","locations":[{"start":{"line":66,"column":4},"end":{"line":66,"column":36}},{"start":{},"end":{}}]}},"s":{"0":2,"1":2,"2":2,"3":2,"4":53,"5":53,"6":5,"7":48,"8":35,"9":13,"10":13,"11":0,"12":13,"13":13,"14":13,"15":195,"16":195,"17":195,"18":5,"19":5,"20":5,"21":13,"22":5,"23":8,"24":5,"25":5,"26":5,"27":75,"28":75,"29":0,"30":0,"31":5,"32":0,"33":8,"34":2},"f":{"0":53},"b":{"0":[5,48],"1":[35,13],"2":[0,13],"3":[5,190],"4":[195,191,1],"5":[5,0],"6":[5,8],"7":[5,3],"8":[0,75],"9":[75,0],"10":[0,5]}}
,"/home/bash/Desktop/Upwork projects/whatsappBot/functions/src/services/journalService.ts": {"path":"/home/bash/Desktop/Upwork projects/whatsappBot/functions/src/services/journalService.ts","statementMap":{"0":{"start":{"line":1,"column":0},"end":{"line":1,"column":56}},"1":{"start":{"line":2,"column":0},"end":{"line":2,"column":24}},"2":{"start":{"line":4,"column":15},"end":{"line":4,"column":21}},"3":{"start":{"line":9,"column":32},"end":{"line":33,"column":1}},"4":{"start":{"line":10,"column":13},"end":{"line":10,"column":27}},"5":{"start":{"line":11,"column":16},"end":{"line":11,"column":26}},"6":{"start":{"line":13,"column":18},"end":{"line":13,"column":69}},"7":{"start":{"line":16,"column":16},"end":{"line":16,"column":54}},"8":{"start":{"line":17,"column":19},"end":{"line":17,"column":59}},"9":{"start":{"line":19,"column":2},"end":{"line":22,"column":22}},"10":{"start":{"line":24,"column":2},"end":{"line":29,"column":5}},"11":{"start":{"line":31,"column":2},"end":{"line":31,"column":23}},"12":{"start":{"line":32,"column":2},"end":{"line":32,"column":71}},"13":{"start":{"line":9,"column":13},"end":{"line":9,"column":32}},"14":{"start":{"line":38,"column":34},"end":{"line":48,"column":1}},"15":{"start":{"line":39,"column":13},"end":{"line":39,"column":27}},"16":{"start":{"line":42,"column":2},"end":{"line":45,"column":22}},"17":{"start":{"line":47,"column":2},"end":{"line":47,"column":58}},"18":{"start":{"line":38,"column":13},"end":{"line":38,"column":34}}},"fnMap":{"0":{"name":"(anonymous_1)","decl":{"start":{"line":9,"column":32},"end":{"line":9,"column":37}},"loc":{"start":{"line":9,"column":86},"end":{"line":33,"column":1}}},"1":{"name":"(anonymous_2)","decl":{"start":{"line":38,"column":34},"end":{"line":38,"column":39}},"loc":{"start":{"line":38,"column":74},"end":{"line":48,"column":1}}}},"branchMap":{},"s":{"0":1,"1":1,"2":1,"3":1,"4":1,"5":1,"6":1,"7":1,"8":1,"9":1,"10":1,"11":1,"12":1,"13":1,"14":1,"15":1,"16":1,"17":1,"18":1},"f":{"0":1,"1":1},"b":{}}
,"/home/bash/Desktop/Upwork projects/whatsappBot/functions/src/services/prayerCardService.ts": {"path":"/home/bash/Desktop/Upwork projects/whatsappBot/functions/src/services/prayerCardService.ts","statementMap":{"0":{"start":{"line":1,"column":0},"end":{"line":1,"column":56}},"1":{"start":{"line":4,"column":0},"end":{"line":4,"column":24}},"2":{"start":{"line":16,"column":15},"end":{"line":16,"column":21}},"3":{"start":{"line":25,"column":29},"end":{"line":43,"column":1}},"4":{"start":{"line":29,"column":13},"end":{"line":29,"column":27}},"5":{"start":{"line":30,"column":19},"end":{"line":35,"column":10}},"6":{"start":{"line":37,"column":2},"end":{"line":40,"column":3}},"7":{"start":{"line":38,"column":4},"end":{"line":38,"column":70}},"8":{"start":{"line":39,"column":4},"end":{"line":39,"column":16}},"9":{"start":{"line":42,"column":2},"end":{"line":42,"column":47}},"10":{"start":{"line":25,"column":13},"end":{"line":25,"column":29}},"11":{"start":{"line":50,"column":35},"end":{"line":64,"column":1}},"12":{"start":{"line":51,"column":13},"end":{"line":51,"column":27}},"13":{"start":{"line":52,"column":19},"end":{"line":56,"column":10}},"14":{"start":{"line":58,"column":2},"end":{"line":61,"column":3}},"15":{"start":{"line":59,"column":4},"end":{"line":59,"column":57}},"16":{"start":{"line":60,"column":4},"end":{"line":60,"column":16}},"17":{"start":{"line":63,"column":2},"end":{"line":63,"column":47}},"18":{"start":{"line":50,"column":13},"end":{"line":50,"column":35}},"19":{"start":{"line":69,"column":30},"end":{"line":87,"column":1}},"20":{"start":{"line":73,"column":13},"end":{"line":73,"column":27}},"21":{"start":{"line":74,"column":14},"end":{"line":79,"column":10}},"22":{"start":{"line":81,"column":2},"end":{"line":84,"column":3}},"23":{"start":{"line":82,"column":4},"end":{"line":82,"column":79}},"24":{"start":{"line":83,"column":4},"end":{"line":83,"column":16}},"25":{"start":{"line":86,"column":2},"end":{"line":86,"column":35}},"26":{"start":{"line":69,"column":13},"end":{"line":69,"column":30}},"27":{"start":{"line":92,"column":39},"end":{"line":115,"column":1}},"28":{"start":{"line":96,"column":15},"end":{"line":96,"column":46}},"29":{"start":{"line":97,"column":2},"end":{"line":97,"column":25}},"30":{"start":{"line":97,"column":13},"end":{"line":97,"column":25}},"31":{"start":{"line":99,"column":17},"end":{"line":99,"column":66}},"32":{"start":{"line":100,"column":2},"end":{"line":106,"column":3}},"33":{"start":{"line":101,"column":4},"end":{"line":104,"column":6}},"34":{"start":{"line":105,"column":4},"end":{"line":105,"column":16}},"35":{"start":{"line":108,"column":2},"end":{"line":114,"column":4}},"36":{"start":{"line":92,"column":13},"end":{"line":92,"column":39}},"37":{"start":{"line":121,"column":33},"end":{"line":140,"column":1}},"38":{"start":{"line":125,"column":13},"end":{"line":125,"column":27}},"39":{"start":{"line":126,"column":19},"end":{"line":132,"column":10}},"40":{"start":{"line":134,"column":2},"end":{"line":137,"column":3}},"41":{"start":{"line":135,"column":4},"end":{"line":135,"column":97}},"42":{"start":{"line":136,"column":4},"end":{"line":136,"column":16}},"43":{"start":{"line":139,"column":2},"end":{"line":139,"column":48}},"44":{"start":{"line":121,"column":13},"end":{"line":121,"column":33}},"45":{"start":{"line":146,"column":36},"end":{"line":159,"column":1}},"46":{"start":{"line":150,"column":22},"end":{"line":150,"column":54}},"47":{"start":{"line":151,"column":17},"end":{"line":151,"column":62}},"48":{"start":{"line":152,"column":2},"end":{"line":152,"column":27}},"49":{"start":{"line":152,"column":15},"end":{"line":152,"column":27}},"50":{"start":{"line":154,"column":2},"end":{"line":158,"column":4}},"51":{"start":{"line":146,"column":13},"end":{"line":146,"column":36}}},"fnMap":{"0":{"name":"(anonymous_1)","decl":{"start":{"line":25,"column":29},"end":{"line":25,"column":34}},"loc":{"start":{"line":28,"column":32},"end":{"line":43,"column":1}}},"1":{"name":"(anonymous_2)","decl":{"start":{"line":50,"column":35},"end":{"line":50,"column":40}},"loc":{"start":{"line":50,"column":85},"end":{"line":64,"column":1}}},"2":{"name":"(anonymous_3)","decl":{"start":{"line":69,"column":30},"end":{"line":69,"column":35}},"loc":{"start":{"line":72,"column":33},"end":{"line":87,"column":1}}},"3":{"name":"(anonymous_4)","decl":{"start":{"line":92,"column":39},"end":{"line":92,"column":44}},"loc":{"start":{"line":95,"column":43},"end":{"line":115,"column":1}}},"4":{"name":"(anonymous_5)","decl":{"start":{"line":121,"column":33},"end":{"line":121,"column":38}},"loc":{"start":{"line":124,"column":33},"end":{"line":140,"column":1}}},"5":{"name":"(anonymous_6)","decl":{"start":{"line":146,"column":36},"end":{"line":146,"column":41}},"loc":{"start":{"line":149,"column":43},"end":{"line":159,"column":1}}}},"branchMap":{"0":{"loc":{"start":{"line":37,"column":2},"end":{"line":40,"column":3}},"type":"if","locations":[{"start":{"line":37,"column":2},"end":{"line":40,"column":3}},{"start":{},"end":{}}]},"1":{"loc":{"start":{"line":58,"column":2},"end":{"line":61,"column":3}},"type":"if","locations":[{"start":{"line":58,"column":2},"end":{"line":61,"column":3}},{"start":{},"end":{}}]},"2":{"loc":{"start":{"line":81,"column":2},"end":{"line":84,"column":3}},"type":"if","locations":[{"start":{"line":81,"column":2},"end":{"line":84,"column":3}},{"start":{},"end":{}}]},"3":{"loc":{"start":{"line":97,"column":2},"end":{"line":97,"column":25}},"type":"if","locations":[{"start":{"line":97,"column":2},"end":{"line":97,"column":25}},{"start":{},"end":{}}]},"4":{"loc":{"start":{"line":100,"column":2},"end":{"line":106,"column":3}},"type":"if","locations":[{"start":{"line":100,"column":2},"end":{"line":106,"column":3}},{"start":{},"end":{}}]},"5":{"loc":{"start":{"line":134,"column":2},"end":{"line":137,"column":3}},"type":"if","locations":[{"start":{"line":134,"column":2},"end":{"line":137,"column":3}},{"start":{},"end":{}}]},"6":{"loc":{"start":{"line":152,"column":2},"end":{"line":152,"column":27}},"type":"if","locations":[{"start":{"line":152,"column":2},"end":{"line":152,"column":27}},{"start":{},"end":{}}]}},"s":{"0":1,"1":1,"2":1,"3":1,"4":5,"5":5,"6":5,"7":2,"8":2,"9":3,"10":1,"11":1,"12":1,"13":1,"14":1,"15":0,"16":0,"17":1,"18":1,"19":1,"20":4,"21":4,"22":4,"23":2,"24":2,"25":2,"26":1,"27":1,"28":3,"29":3,"30":1,"31":2,"32":2,"33":1,"34":1,"35":1,"36":1,"37":1,"38":4,"39":4,"40":4,"41":2,"42":2,"43":2,"44":1,"45":1,"46":2,"47":2,"48":2,"49":1,"50":1,"51":1},"f":{"0":5,"1":1,"2":4,"3":3,"4":4,"5":2},"b":{"0":[2,3],"1":[0,1],"2":[2,2],"3":[1,2],"4":[1,1],"5":[2,2],"6":[1,1]}}
,"/home/bash/Desktop/Upwork projects/whatsappBot/functions/src/services/questProgressService.ts": {"path":"/home/bash/Desktop/Upwork projects/whatsappBot/functions/src/services/questProgressService.ts","statementMap":{"0":{"start":{"line":1,"column":0},"end":{"line":1,"column":68}},"1":{"start":{"line":2,"column":0},"end":{"line":2,"column":24}},"2":{"start":{"line":4,"column":15},"end":{"line":4,"column":21}},"3":{"start":{"line":14,"column":32},"end":{"line":25,"column":1}},"4":{"start":{"line":15,"column":13},"end":{"line":15,"column":27}},"5":{"start":{"line":16,"column":14},"end":{"line":16,"column":76}},"6":{"start":{"line":17,"column":2},"end":{"line":17,"column":31}},"7":{"start":{"line":17,"column":19},"end":{"line":17,"column":31}},"8":{"start":{"line":18,"column":15},"end":{"line":18,"column":26}},"9":{"start":{"line":19,"column":2},"end":{"line":24,"column":4}},"10":{"start":{"line":14,"column":13},"end":{"line":14,"column":32}},"11":{"start":{"line":27,"column":26},"end":{"line":38,"column":1}},"12":{"start":{"line":28,"column":13},"end":{"line":28,"column":27}},"13":{"start":{"line":29,"column":2},"end":{"line":36,"column":5}},"14":{"start":{"line":37,"column":2},"end":{"line":37,"column":42}},"15":{"start":{"line":27,"column":13},"end":{"line":27,"column":26}},"16":{"start":{"line":40,"column":33},"end":{"line":46,"column":1}},"17":{"start":{"line":41,"column":13},"end":{"line":41,"column":27}},"18":{"start":{"line":42,"column":2},"end":{"line":45,"column":5}},"19":{"start":{"line":40,"column":13},"end":{"line":40,"column":33}},"20":{"start":{"line":48,"column":32},"end":{"line":56,"column":1}},"21":{"start":{"line":49,"column":13},"end":{"line":49,"column":27}},"22":{"start":{"line":50,"column":2},"end":{"line":54,"column":5}},"23":{"start":{"line":55,"column":2},"end":{"line":55,"column":48}},"24":{"start":{"line":48,"column":13},"end":{"line":48,"column":32}},"25":{"start":{"line":58,"column":37},"end":{"line":82,"column":1}},"26":{"start":{"line":59,"column":13},"end":{"line":59,"column":27}},"27":{"start":{"line":60,"column":16},"end":{"line":60,"column":54}},"28":{"start":{"line":61,"column":18},"end":{"line":61,"column":68}},"29":{"start":{"line":62,"column":17},"end":{"line":62,"column":58}},"30":{"start":{"line":64,"column":16},"end":{"line":64,"column":26}},"31":{"start":{"line":67,"column":2},"end":{"line":70,"column":5}},"32":{"start":{"line":73,"column":2},"end":{"line":75,"column":22}},"33":{"start":{"line":77,"column":2},"end":{"line":77,"column":23}},"34":{"start":{"line":80,"column":14},"end":{"line":80,"column":33}},"35":{"start":{"line":81,"column":2},"end":{"line":81,"column":75}},"36":{"start":{"line":58,"column":13},"end":{"line":58,"column":37}},"37":{"start":{"line":87,"column":31},"end":{"line":102,"column":1}},"38":{"start":{"line":93,"column":13},"end":{"line":93,"column":27}},"39":{"start":{"line":94,"column":16},"end":{"line":94,"column":54}},"40":{"start":{"line":95,"column":2},"end":{"line":100,"column":82}},"41":{"start":{"line":101,"column":2},"end":{"line":101,"column":80}},"42":{"start":{"line":87,"column":13},"end":{"line":87,"column":31}}},"fnMap":{"0":{"name":"(anonymous_1)","decl":{"start":{"line":14,"column":32},"end":{"line":14,"column":37}},"loc":{"start":{"line":14,"column":56},"end":{"line":25,"column":1}}},"1":{"name":"(anonymous_2)","decl":{"start":{"line":27,"column":26},"end":{"line":27,"column":31}},"loc":{"start":{"line":27,"column":65},"end":{"line":38,"column":1}}},"2":{"name":"(anonymous_3)","decl":{"start":{"line":40,"column":33},"end":{"line":40,"column":38}},"loc":{"start":{"line":40,"column":72},"end":{"line":46,"column":1}}},"3":{"name":"(anonymous_4)","decl":{"start":{"line":48,"column":32},"end":{"line":48,"column":37}},"loc":{"start":{"line":48,"column":71},"end":{"line":56,"column":1}}},"4":{"name":"(anonymous_5)","decl":{"start":{"line":58,"column":37},"end":{"line":58,"column":42}},"loc":{"start":{"line":58,"column":118},"end":{"line":82,"column":1}}},"5":{"name":"(anonymous_6)","decl":{"start":{"line":87,"column":31},"end":{"line":87,"column":36}},"loc":{"start":{"line":92,"column":19},"end":{"line":102,"column":1}}}},"branchMap":{"0":{"loc":{"start":{"line":17,"column":2},"end":{"line":17,"column":31}},"type":"if","locations":[{"start":{"line":17,"column":2},"end":{"line":17,"column":31}},{"start":{},"end":{}}]},"1":{"loc":{"start":{"line":81,"column":26},"end":{"line":81,"column":72}},"type":"binary-expr","locations":[{"start":{"line":81,"column":26},"end":{"line":81,"column":67}},{"start":{"line":81,"column":71},"end":{"line":81,"column":72}}]}},"s":{"0":1,"1":1,"2":1,"3":1,"4":2,"5":2,"6":2,"7":1,"8":1,"9":1,"10":1,"11":1,"12":1,"13":1,"14":1,"15":1,"16":1,"17":1,"18":1,"19":1,"20":1,"21":1,"22":1,"23":1,"24":1,"25":1,"26":1,"27":1,"28":1,"29":1,"30":1,"31":1,"32":1,"33":1,"34":1,"35":1,"36":1,"37":1,"38":1,"39":1,"40":1,"41":1,"42":1},"f":{"0":2,"1":1,"2":1,"3":1,"4":1,"5":1},"b":{"0":[1,1],"1":[1,0]}}
,"/home/bash/Desktop/Upwork projects/whatsappBot/functions/src/services/quizSessionService.ts": {"path":"/home/bash/Desktop/Upwork projects/whatsappBot/functions/src/services/quizSessionService.ts","statementMap":{"0":{"start":{"line":1,"column":0},"end":{"line":1,"column":56}},"1":{"start":{"line":3,"column":0},"end":{"line":3,"column":24}},"2":{"start":{"line":5,"column":15},"end":{"line":5,"column":21}},"3":{"start":{"line":29,"column":30},"end":{"line":51,"column":1}},"4":{"start":{"line":30,"column":13},"end":{"line":30,"column":27}},"5":{"start":{"line":32,"column":18},"end":{"line":32,"column":80}},"6":{"start":{"line":33,"column":2},"end":{"line":33,"column":35}},"7":{"start":{"line":33,"column":23},"end":{"line":33,"column":35}},"8":{"start":{"line":35,"column":15},"end":{"line":35,"column":30}},"9":{"start":{"line":36,"column":2},"end":{"line":36,"column":44}},"10":{"start":{"line":36,"column":32},"end":{"line":36,"column":44}},"11":{"start":{"line":38,"column":15},"end":{"line":38,"column":39}},"12":{"start":{"line":39,"column":21},"end":{"line":39,"column":80}},"13":{"start":{"line":40,"column":2},"end":{"line":40,"column":38}},"14":{"start":{"line":40,"column":26},"end":{"line":40,"column":38}},"15":{"start":{"line":42,"column":18},"end":{"line":42,"column":36}},"16":{"start":{"line":44,"column":2},"end":{"line":50,"column":4}},"17":{"start":{"line":29,"column":13},"end":{"line":29,"column":30}},"18":{"start":{"line":56,"column":32},"end":{"line":79,"column":1}},"19":{"start":{"line":62,"column":13},"end":{"line":62,"column":27}},"20":{"start":{"line":64,"column":2},"end":{"line":69,"column":5}},"21":{"start":{"line":72,"column":2},"end":{"line":78,"column":4}},"22":{"start":{"line":56,"column":13},"end":{"line":56,"column":32}},"23":{"start":{"line":85,"column":28},"end":{"line":105,"column":1}},"24":{"start":{"line":89,"column":13},"end":{"line":89,"column":27}},"25":{"start":{"line":90,"column":18},"end":{"line":90,"column":68}},"26":{"start":{"line":92,"column":14},"end":{"line":92,"column":33}},"27":{"start":{"line":93,"column":15},"end":{"line":93,"column":26}},"28":{"start":{"line":94,"column":19},"end":{"line":94,"column":69}},"29":{"start":{"line":95,"column":20},"end":{"line":95,"column":80}},"30":{"start":{"line":97,"column":2},"end":{"line":101,"column":5}},"31":{"start":{"line":103,"column":2},"end":{"line":103,"column":80}},"32":{"start":{"line":104,"column":2},"end":{"line":104,"column":54}},"33":{"start":{"line":85,"column":13},"end":{"line":85,"column":28}},"34":{"start":{"line":110,"column":32},"end":{"line":119,"column":1}},"35":{"start":{"line":111,"column":13},"end":{"line":111,"column":27}},"36":{"start":{"line":112,"column":2},"end":{"line":117,"column":5}},"37":{"start":{"line":118,"column":2},"end":{"line":118,"column":49}},"38":{"start":{"line":110,"column":13},"end":{"line":110,"column":32}}},"fnMap":{"0":{"name":"(anonymous_1)","decl":{"start":{"line":29,"column":30},"end":{"line":29,"column":35}},"loc":{"start":{"line":29,"column":88},"end":{"line":51,"column":1}}},"1":{"name":"(anonymous_2)","decl":{"start":{"line":56,"column":32},"end":{"line":56,"column":37}},"loc":{"start":{"line":61,"column":31},"end":{"line":79,"column":1}}},"2":{"name":"(anonymous_3)","decl":{"start":{"line":85,"column":28},"end":{"line":85,"column":33}},"loc":{"start":{"line":88,"column":55},"end":{"line":105,"column":1}}},"3":{"name":"(anonymous_4)","decl":{"start":{"line":110,"column":32},"end":{"line":110,"column":37}},"loc":{"start":{"line":110,"column":71},"end":{"line":119,"column":1}}}},"branchMap":{"0":{"loc":{"start":{"line":33,"column":2},"end":{"line":33,"column":35}},"type":"if","locations":[{"start":{"line":33,"column":2},"end":{"line":33,"column":35}},{"start":{},"end":{}}]},"1":{"loc":{"start":{"line":36,"column":2},"end":{"line":36,"column":44}},"type":"if","locations":[{"start":{"line":36,"column":2},"end":{"line":36,"column":44}},{"start":{},"end":{}}]},"2":{"loc":{"start":{"line":40,"column":2},"end":{"line":40,"column":38}},"type":"if","locations":[{"start":{"line":40,"column":2},"end":{"line":40,"column":38}},{"start":{},"end":{}}]},"3":{"loc":{"start":{"line":46,"column":19},"end":{"line":46,"column":63}},"type":"binary-expr","locations":[{"start":{"line":46,"column":19},"end":{"line":46,"column":58}},{"start":{"line":46,"column":62},"end":{"line":46,"column":63}}]},"4":{"loc":{"start":{"line":47,"column":11},"end":{"line":47,"column":47}},"type":"binary-expr","locations":[{"start":{"line":47,"column":11},"end":{"line":47,"column":42}},{"start":{"line":47,"column":46},"end":{"line":47,"column":47}}]},"5":{"loc":{"start":{"line":49,"column":15},"end":{"line":49,"column":75}},"type":"binary-expr","locations":[{"start":{"line":49,"column":15},"end":{"line":49,"column":44}},{"start":{"line":49,"column":48},"end":{"line":49,"column":75}}]},"6":{"loc":{"start":{"line":94,"column":20},"end":{"line":94,"column":64}},"type":"binary-expr","locations":[{"start":{"line":94,"column":20},"end":{"line":94,"column":59}},{"start":{"line":94,"column":63},"end":{"line":94,"column":64}}]},"7":{"loc":{"start":{"line":95,"column":21},"end":{"line":95,"column":57}},"type":"binary-expr","locations":[{"start":{"line":95,"column":21},"end":{"line":95,"column":52}},{"start":{"line":95,"column":56},"end":{"line":95,"column":57}}]},"8":{"loc":{"start":{"line":95,"column":62},"end":{"line":95,"column":79}},"type":"cond-expr","locations":[{"start":{"line":95,"column":74},"end":{"line":95,"column":75}},{"start":{"line":95,"column":78},"end":{"line":95,"column":79}}]}},"s":{"0":1,"1":1,"2":1,"3":1,"4":4,"5":4,"6":4,"7":1,"8":3,"9":3,"10":1,"11":2,"12":2,"13":2,"14":1,"15":1,"16":1,"17":1,"18":1,"19":1,"20":1,"21":1,"22":1,"23":1,"24":2,"25":2,"26":2,"27":2,"28":2,"29":2,"30":2,"31":2,"32":2,"33":1,"34":1,"35":1,"36":1,"37":1,"38":1},"f":{"0":4,"1":1,"2":2,"3":1},"b":{"0":[1,3],"1":[1,2],"2":[1,1],"3":[1,0],"4":[1,0],"5":[1,1],"6":[2,0],"7":[2,0],"8":[1,1]}}
,"/home/bash/Desktop/Upwork projects/whatsappBot/functions/src/services/streakService.ts": {"path":"/home/bash/Desktop/Upwork projects/whatsappBot/functions/src/services/streakService.ts","statementMap":{"0":{"start":{"line":1,"column":0},"end":{"line":1,"column":68}},"1":{"start":{"line":2,"column":0},"end":{"line":2,"column":51}},"2":{"start":{"line":3,"column":0},"end":{"line":3,"column":33}},"3":{"start":{"line":4,"column":0},"end":{"line":4,"column":24}},"4":{"start":{"line":6,"column":15},"end":{"line":6,"column":21}},"5":{"start":{"line":18,"column":31},"end":{"line":67,"column":1}},"6":{"start":{"line":19,"column":13},"end":{"line":19,"column":27}},"7":{"start":{"line":20,"column":18},"end":{"line":20,"column":69}},"8":{"start":{"line":22,"column":2},"end":{"line":66,"column":5}},"9":{"start":{"line":23,"column":16},"end":{"line":23,"column":46}},"10":{"start":{"line":24,"column":4},"end":{"line":24,"column":55}},"11":{"start":{"line":24,"column":21},"end":{"line":24,"column":55}},"12":{"start":{"line":26,"column":17},"end":{"line":26,"column":28}},"13":{"start":{"line":27,"column":21},"end":{"line":27,"column":53}},"14":{"start":{"line":28,"column":23},"end":{"line":30,"column":12}},"15":{"start":{"line":32,"column":29},"end":{"line":32,"column":95}},"16":{"start":{"line":34,"column":21},"end":{"line":34,"column":65}},"17":{"start":{"line":35,"column":20},"end":{"line":35,"column":69}},"18":{"start":{"line":38,"column":4},"end":{"line":42,"column":7}},"19":{"start":{"line":44,"column":4},"end":{"line":47,"column":24}},"20":{"start":{"line":49,"column":33},"end":{"line":49,"column":70}},"21":{"start":{"line":51,"column":4},"end":{"line":54,"column":5}},"22":{"start":{"line":52,"column":6},"end":{"line":52,"column":98}},"23":{"start":{"line":53,"column":6},"end":{"line":53,"column":125}},"24":{"start":{"line":56,"column":22},"end":{"line":56,"column":37}},"25":{"start":{"line":57,"column":25},"end":{"line":57,"column":54}},"26":{"start":{"line":59,"column":4},"end":{"line":62,"column":7}},"27":{"start":{"line":64,"column":4},"end":{"line":64,"column":82}},"28":{"start":{"line":65,"column":4},"end":{"line":65,"column":118}},"29":{"start":{"line":18,"column":13},"end":{"line":18,"column":31}}},"fnMap":{"0":{"name":"(anonymous_1)","decl":{"start":{"line":18,"column":31},"end":{"line":18,"column":36}},"loc":{"start":{"line":18,"column":116},"end":{"line":67,"column":1}}},"1":{"name":"(anonymous_2)","decl":{"start":{"line":22,"column":33},"end":{"line":22,"column":38}},"loc":{"start":{"line":22,"column":55},"end":{"line":66,"column":3}}}},"branchMap":{"0":{"loc":{"start":{"line":18,"column":72},"end":{"line":18,"column":89}},"type":"default-arg","locations":[{"start":{"line":18,"column":88},"end":{"line":18,"column":89}}]},"1":{"loc":{"start":{"line":24,"column":4},"end":{"line":24,"column":55}},"type":"if","locations":[{"start":{"line":24,"column":4},"end":{"line":24,"column":55}},{"start":{},"end":{}}]},"2":{"loc":{"start":{"line":28,"column":23},"end":{"line":30,"column":12}},"type":"cond-expr","locations":[{"start":{"line":29,"column":8},"end":{"line":29,"column":75}},{"start":{"line":30,"column":8},"end":{"line":30,"column":12}}]},"3":{"loc":{"start":{"line":32,"column":29},"end":{"line":32,"column":95}},"type":"binary-expr","locations":[{"start":{"line":32,"column":29},"end":{"line":32,"column":65}},{"start":{"line":32,"column":69},"end":{"line":32,"column":95}}]},"4":{"loc":{"start":{"line":49,"column":34},"end":{"line":49,"column":61}},"type":"binary-expr","locations":[{"start":{"line":49,"column":34},"end":{"line":49,"column":56}},{"start":{"line":49,"column":60},"end":{"line":49,"column":61}}]},"5":{"loc":{"start":{"line":51,"column":4},"end":{"line":54,"column":5}},"type":"if","locations":[{"start":{"line":51,"column":4},"end":{"line":54,"column":5}},{"start":{},"end":{}}]}},"s":{"0":1,"1":1,"2":1,"3":1,"4":1,"5":1,"6":3,"7":3,"8":3,"9":3,"10":3,"11":1,"12":2,"13":2,"14":2,"15":2,"16":2,"17":2,"18":2,"19":2,"20":2,"21":2,"22":1,"23":1,"24":1,"25":1,"26":1,"27":1,"28":1,"29":1},"f":{"0":3,"1":3},"b":{"0":[1],"1":[1,2],"2":[2,0],"3":[2,1],"4":[2,1],"5":[1,1]}}
,"/home/bash/Desktop/Upwork projects/whatsappBot/functions/src/services/userService.ts": {"path":"/home/bash/Desktop/Upwork projects/whatsappBot/functions/src/services/userService.ts","statementMap":{"0":{"start":{"line":1,"column":0},"end":{"line":1,"column":56}},"1":{"start":{"line":2,"column":0},"end":{"line":2,"column":62}},"2":{"start":{"line":3,"column":0},"end":{"line":3,"column":77}},"3":{"start":{"line":4,"column":0},"end":{"line":4,"column":24}},"4":{"start":{"line":10,"column":15},"end":{"line":10,"column":21}},"5":{"start":{"line":16,"column":26},"end":{"line":107,"column":1}},"6":{"start":{"line":22,"column":13},"end":{"line":22,"column":27}},"7":{"start":{"line":25,"column":17},"end":{"line":25,"column":49}},"8":{"start":{"line":26,"column":47},"end":{"line":44,"column":4}},"9":{"start":{"line":45,"column":19},"end":{"line":45,"column":77}},"10":{"start":{"line":47,"column":17},"end":{"line":47,"column":39}},"11":{"start":{"line":48,"column":18},"end":{"line":48,"column":52}},"12":{"start":{"line":49,"column":14},"end":{"line":49,"column":33}},"13":{"start":{"line":51,"column":2},"end":{"line":54,"column":3}},"14":{"start":{"line":52,"column":4},"end":{"line":52,"column":55}},"15":{"start":{"line":53,"column":4},"end":{"line":53,"column":54}},"16":{"start":{"line":56,"column":20},"end":{"line":56,"column":111}},"17":{"start":{"line":58,"column":23},"end":{"line":58,"column":33}},"18":{"start":{"line":59,"column":2},"end":{"line":59,"column":60}},"19":{"start":{"line":60,"column":16},"end":{"line":60,"column":70}},"20":{"start":{"line":61,"column":16},"end":{"line":61,"column":72}},"21":{"start":{"line":62,"column":26},"end":{"line":62,"column":45}},"22":{"start":{"line":64,"column":25},"end":{"line":102,"column":4}},"23":{"start":{"line":104,"column":2},"end":{"line":104,"column":30}},"24":{"start":{"line":105,"column":2},"end":{"line":105,"column":45}},"25":{"start":{"line":106,"column":2},"end":{"line":106,"column":43}},"26":{"start":{"line":16,"column":13},"end":{"line":16,"column":26}},"27":{"start":{"line":112,"column":23},"end":{"line":117,"column":1}},"28":{"start":{"line":113,"column":13},"end":{"line":113,"column":27}},"29":{"start":{"line":114,"column":17},"end":{"line":114,"column":39}},"30":{"start":{"line":115,"column":14},"end":{"line":115,"column":60}},"31":{"start":{"line":116,"column":2},"end":{"line":116,"column":50}},"32":{"start":{"line":112,"column":13},"end":{"line":112,"column":23}},"33":{"start":{"line":122,"column":29},"end":{"line":126,"column":1}},"34":{"start":{"line":123,"column":13},"end":{"line":123,"column":27}},"35":{"start":{"line":124,"column":17},"end":{"line":124,"column":39}},"36":{"start":{"line":125,"column":2},"end":{"line":125,"column":85}},"37":{"start":{"line":122,"column":13},"end":{"line":122,"column":29}},"38":{"start":{"line":131,"column":33},"end":{"line":141,"column":1}},"39":{"start":{"line":135,"column":13},"end":{"line":135,"column":27}},"40":{"start":{"line":136,"column":17},"end":{"line":136,"column":39}},"41":{"start":{"line":137,"column":2},"end":{"line":140,"column":4}},"42":{"start":{"line":131,"column":13},"end":{"line":131,"column":33}},"43":{"start":{"line":147,"column":33},"end":{"line":158,"column":1}},"44":{"start":{"line":148,"column":13},"end":{"line":148,"column":27}},"45":{"start":{"line":149,"column":17},"end":{"line":149,"column":39}},"46":{"start":{"line":150,"column":2},"end":{"line":156,"column":5}},"47":{"start":{"line":157,"column":2},"end":{"line":157,"column":59}},"48":{"start":{"line":147,"column":13},"end":{"line":147,"column":33}},"49":{"start":{"line":163,"column":32},"end":{"line":170,"column":1}},"50":{"start":{"line":167,"column":13},"end":{"line":167,"column":27}},"51":{"start":{"line":168,"column":17},"end":{"line":168,"column":39}},"52":{"start":{"line":169,"column":2},"end":{"line":169,"column":88}},"53":{"start":{"line":163,"column":13},"end":{"line":163,"column":32}}},"fnMap":{"0":{"name":"(anonymous_1)","decl":{"start":{"line":16,"column":26},"end":{"line":16,"column":31}},"loc":{"start":{"line":21,"column":55},"end":{"line":107,"column":1}}},"1":{"name":"(anonymous_2)","decl":{"start":{"line":112,"column":23},"end":{"line":112,"column":28}},"loc":{"start":{"line":112,"column":69},"end":{"line":117,"column":1}}},"2":{"name":"(anonymous_3)","decl":{"start":{"line":122,"column":29},"end":{"line":122,"column":34}},"loc":{"start":{"line":122,"column":85},"end":{"line":126,"column":1}}},"3":{"name":"(anonymous_4)","decl":{"start":{"line":131,"column":33},"end":{"line":131,"column":38}},"loc":{"start":{"line":134,"column":19},"end":{"line":141,"column":1}}},"4":{"name":"(anonymous_5)","decl":{"start":{"line":147,"column":33},"end":{"line":147,"column":38}},"loc":{"start":{"line":147,"column":72},"end":{"line":158,"column":1}}},"5":{"name":"(anonymous_6)","decl":{"start":{"line":163,"column":32},"end":{"line":163,"column":37}},"loc":{"start":{"line":166,"column":19},"end":{"line":170,"column":1}}}},"branchMap":{"0":{"loc":{"start":{"line":19,"column":2},"end":{"line":19,"column":18}},"type":"default-arg","locations":[{"start":{"line":19,"column":17},"end":{"line":19,"column":18}}]},"1":{"loc":{"start":{"line":20,"column":2},"end":{"line":20,"column":20}},"type":"default-arg","locations":[{"start":{"line":20,"column":19},"end":{"line":20,"column":20}}]},"2":{"loc":{"start":{"line":45,"column":19},"end":{"line":45,"column":77}},"type":"binary-expr","locations":[{"start":{"line":45,"column":20},"end":{"line":45,"column":35}},{"start":{"line":45,"column":39},"end":{"line":45,"column":67}},{"start":{"line":45,"column":72},"end":{"line":45,"column":77}}]},"3":{"loc":{"start":{"line":51,"column":2},"end":{"line":54,"column":3}},"type":"if","locations":[{"start":{"line":51,"column":2},"end":{"line":54,"column":3}},{"start":{},"end":{}}]},"4":{"loc":{"start":{"line":116,"column":9},"end":{"line":116,"column":49}},"type":"cond-expr","locations":[{"start":{"line":116,"column":23},"end":{"line":116,"column":42}},{"start":{"line":116,"column":45},"end":{"line":116,"column":49}}]}},"s":{"0":1,"1":1,"2":1,"3":1,"4":1,"5":1,"6":2,"7":2,"8":2,"9":2,"10":2,"11":2,"12":2,"13":2,"14":1,"15":1,"16":1,"17":1,"18":1,"19":1,"20":1,"21":1,"22":1,"23":1,"24":1,"25":1,"26":1,"27":1,"28":2,"29":2,"30":2,"31":2,"32":1,"33":1,"34":1,"35":1,"36":1,"37":1,"38":1,"39":1,"40":1,"41":1,"42":1,"43":1,"44":1,"45":1,"46":1,"47":1,"48":1,"49":1,"50":1,"51":1,"52":1,"53":1},"f":{"0":2,"1":2,"2":1,"3":1,"4":1,"5":1},"b":{"0":[1],"1":[1],"2":[2,1,1],"3":[1,1],"4":[1,1]}}
,"/home/bash/Desktop/Upwork projects/whatsappBot/functions/src/utils/normalizeInput.ts": {"path":"/home/bash/Desktop/Upwork projects/whatsappBot/functions/src/utils/normalizeInput.ts","statementMap":{"0":{"start":{"line":4,"column":30},"end":{"line":11,"column":1}},"1":{"start":{"line":5,"column":2},"end":{"line":5,"column":24}},"2":{"start":{"line":5,"column":14},"end":{"line":5,"column":24}},"3":{"start":{"line":6,"column":2},"end":{"line":10,"column":12}},"4":{"start":{"line":4,"column":13},"end":{"line":4,"column":30}}},"fnMap":{"0":{"name":"(anonymous_0)","decl":{"start":{"line":4,"column":30},"end":{"line":4,"column":31}},"loc":{"start":{"line":4,"column":56},"end":{"line":11,"column":1}}}},"branchMap":{"0":{"loc":{"start":{"line":5,"column":2},"end":{"line":5,"column":24}},"type":"if","locations":[{"start":{"line":5,"column":2},"end":{"line":5,"column":24}},{"start":{},"end":{}}]}},"s":{"0":3,"1":69,"2":4,"3":65,"4":3},"f":{"0":69},"b":{"0":[4,65]}}
,"/home/bash/Desktop/Upwork projects/whatsappBot/functions/src/utils/timeParser.ts": {"path":"/home/bash/Desktop/Upwork projects/whatsappBot/functions/src/utils/timeParser.ts","statementMap":{"0":{"start":{"line":18,"column":25},"end":{"line":45,"column":1}},"1":{"start":{"line":19,"column":14},"end":{"line":19,"column":60}},"2":{"start":{"line":22,"column":18},"end":{"line":22,"column":60}},"3":{"start":{"line":23,"column":16},"end":{"line":23,"column":34}},"4":{"start":{"line":25,"column":2},"end":{"line":25,"column":26}},"5":{"start":{"line":25,"column":14},"end":{"line":25,"column":26}},"6":{"start":{"line":27,"column":13},"end":{"line":27,"column":35}},"7":{"start":{"line":28,"column":17},"end":{"line":28,"column":54}},"8":{"start":{"line":29,"column":19},"end":{"line":29,"column":27}},"9":{"start":{"line":31,"column":2},"end":{"line":31,"column":48}},"10":{"start":{"line":31,"column":36},"end":{"line":31,"column":48}},"11":{"start":{"line":32,"column":2},"end":{"line":32,"column":45}},"12":{"start":{"line":32,"column":33},"end":{"line":32,"column":45}},"13":{"start":{"line":34,"column":2},"end":{"line":38,"column":3}},"14":{"start":{"line":35,"column":4},"end":{"line":35,"column":30}},"15":{"start":{"line":35,"column":21},"end":{"line":35,"column":30}},"16":{"start":{"line":36,"column":9},"end":{"line":38,"column":3}},"17":{"start":{"line":37,"column":4},"end":{"line":37,"column":32}},"18":{"start":{"line":37,"column":21},"end":{"line":37,"column":32}},"19":{"start":{"line":41,"column":2},"end":{"line":41,"column":41}},"20":{"start":{"line":41,"column":29},"end":{"line":41,"column":41}},"21":{"start":{"line":43,"column":18},"end":{"line":43,"column":93}},"22":{"start":{"line":44,"column":2},"end":{"line":44,"column":35}},"23":{"start":{"line":18,"column":13},"end":{"line":18,"column":25}}},"fnMap":{"0":{"name":"(anonymous_0)","decl":{"start":{"line":18,"column":25},"end":{"line":18,"column":26}},"loc":{"start":{"line":18,"column":62},"end":{"line":45,"column":1}}}},"branchMap":{"0":{"loc":{"start":{"line":25,"column":2},"end":{"line":25,"column":26}},"type":"if","locations":[{"start":{"line":25,"column":2},"end":{"line":25,"column":26}},{"start":{},"end":{}}]},"1":{"loc":{"start":{"line":28,"column":17},"end":{"line":28,"column":54}},"type":"cond-expr","locations":[{"start":{"line":28,"column":28},"end":{"line":28,"column":50}},{"start":{"line":28,"column":53},"end":{"line":28,"column":54}}]},"2":{"loc":{"start":{"line":31,"column":2},"end":{"line":31,"column":48}},"type":"if","locations":[{"start":{"line":31,"column":2},"end":{"line":31,"column":48}},{"start":{},"end":{}}]},"3":{"loc":{"start":{"line":31,"column":6},"end":{"line":31,"column":34}},"type":"binary-expr","locations":[{"start":{"line":31,"column":6},"end":{"line":31,"column":17}},{"start":{"line":31,"column":21},"end":{"line":31,"column":34}}]},"4":{"loc":{"start":{"line":32,"column":2},"end":{"line":32,"column":45}},"type":"if","locations":[{"start":{"line":32,"column":2},"end":{"line":32,"column":45}},{"start":{},"end":{}}]},"5":{"loc":{"start":{"line":32,"column":6},"end":{"line":32,"column":31}},"type":"binary-expr","locations":[{"start":{"line":32,"column":6},"end":{"line":32,"column":16}},{"start":{"line":32,"column":20},"end":{"line":32,"column":31}}]},"6":{"loc":{"start":{"line":34,"column":2},"end":{"line":38,"column":3}},"type":"if","locations":[{"start":{"line":34,"column":2},"end":{"line":38,"column":3}},{"start":{"line":36,"column":9},"end":{"line":38,"column":3}}]},"7":{"loc":{"start":{"line":35,"column":4},"end":{"line":35,"column":30}},"type":"if","locations":[{"start":{"line":35,"column":4},"end":{"line":35,"column":30}},{"start":{},"end":{}}]},"8":{"loc":{"start":{"line":36,"column":9},"end":{"line":38,"column":3}},"type":"if","locations":[{"start":{"line":36,"column":9},"end":{"line":38,"column":3}},{"start":{},"end":{}}]},"9":{"loc":{"start":{"line":37,"column":4},"end":{"line":37,"column":32}},"type":"if","locations":[{"start":{"line":37,"column":4},"end":{"line":37,"column":32}},{"start":{},"end":{}}]},"10":{"loc":{"start":{"line":41,"column":2},"end":{"line":41,"column":41}},"type":"if","locations":[{"start":{"line":41,"column":2},"end":{"line":41,"column":41}},{"start":{},"end":{}}]},"11":{"loc":{"start":{"line":41,"column":6},"end":{"line":41,"column":27}},"type":"binary-expr","locations":[{"start":{"line":41,"column":6},"end":{"line":41,"column":14}},{"start":{"line":41,"column":18},"end":{"line":41,"column":27}}]}},"s":{"0":1,"1":0,"2":0,"3":0,"4":0,"5":0,"6":0,"7":0,"8":0,"9":0,"10":0,"11":0,"12":0,"13":0,"14":0,"15":0,"16":0,"17":0,"18":0,"19":0,"20":0,"21":0,"22":0,"23":1},"f":{"0":0},"b":{"0":[0,0],"1":[0,0],"2":[0,0],"3":[0,0],"4":[0,0],"5":[0,0],"6":[0,0],"7":[0,0],"8":[0,0],"9":[0,0],"10":[0,0],"11":[0,0]}}
,"/home/bash/Desktop/Upwork projects/whatsappBot/functions/src/utils/timezone.ts": {"path":"/home/bash/Desktop/Upwork projects/whatsappBot/functions/src/utils/timezone.ts","statementMap":{"0":{"start":{"line":1,"column":0},"end":{"line":1,"column":33}},"1":{"start":{"line":6,"column":36},"end":{"line":9,"column":1}},"2":{"start":{"line":7,"column":2},"end":{"line":7,"column":75}},"3":{"start":{"line":7,"column":62},"end":{"line":7,"column":75}},"4":{"start":{"line":8,"column":2},"end":{"line":8,"column":64}},"5":{"start":{"line":6,"column":13},"end":{"line":6,"column":36}},"6":{"start":{"line":15,"column":33},"end":{"line":24,"column":1}},"7":{"start":{"line":16,"column":14},"end":{"line":16,"column":46}},"8":{"start":{"line":17,"column":13},"end":{"line":17,"column":65}},"9":{"start":{"line":19,"column":2},"end":{"line":21,"column":3}},"10":{"start":{"line":20,"column":4},"end":{"line":20,"column":34}},"11":{"start":{"line":23,"column":2},"end":{"line":23,"column":33}},"12":{"start":{"line":15,"column":13},"end":{"line":15,"column":33}},"13":{"start":{"line":30,"column":37},"end":{"line":32,"column":1}},"14":{"start":{"line":31,"column":2},"end":{"line":31,"column":44}},"15":{"start":{"line":30,"column":13},"end":{"line":30,"column":37}},"16":{"start":{"line":34,"column":0},"end":{"line":34,"column":53}},"17":{"start":{"line":36,"column":13},"end":{"line":54,"column":2}},"18":{"start":{"line":56,"column":41},"end":{"line":80,"column":1}},"19":{"start":{"line":63,"column":22},"end":{"line":63,"column":45}},"20":{"start":{"line":64,"column":19},"end":{"line":64,"column":107}},"21":{"start":{"line":66,"column":26},"end":{"line":68,"column":17}},"22":{"start":{"line":70,"column":2},"end":{"line":79,"column":4}},"23":{"start":{"line":56,"column":13},"end":{"line":56,"column":41}}},"fnMap":{"0":{"name":"(anonymous_0)","decl":{"start":{"line":6,"column":36},"end":{"line":6,"column":37}},"loc":{"start":{"line":6,"column":78},"end":{"line":9,"column":1}}},"1":{"name":"(anonymous_1)","decl":{"start":{"line":15,"column":33},"end":{"line":15,"column":34}},"loc":{"start":{"line":15,"column":90},"end":{"line":24,"column":1}}},"2":{"name":"(anonymous_2)","decl":{"start":{"line":30,"column":37},"end":{"line":30,"column":38}},"loc":{"start":{"line":30,"column":64},"end":{"line":32,"column":1}}},"3":{"name":"(anonymous_3)","decl":{"start":{"line":56,"column":41},"end":{"line":56,"column":null}},"loc":{"start":{"line":62,"column":4},"end":{"line":80,"column":1}}}},"branchMap":{"0":{"loc":{"start":{"line":7,"column":2},"end":{"line":7,"column":75}},"type":"if","locations":[{"start":{"line":7,"column":2},"end":{"line":7,"column":75}},{"start":{},"end":{}}]},"1":{"loc":{"start":{"line":7,"column":6},"end":{"line":7,"column":60}},"type":"binary-expr","locations":[{"start":{"line":7,"column":6},"end":{"line":7,"column":30}},{"start":{"line":7,"column":34},"end":{"line":7,"column":60}}]},"2":{"loc":{"start":{"line":8,"column":9},"end":{"line":8,"column":63}},"type":"binary-expr","locations":[{"start":{"line":8,"column":9},"end":{"line":8,"column":18}},{"start":{"line":8,"column":22},"end":{"line":8,"column":32}},{"start":{"line":8,"column":36},"end":{"line":8,"column":47}},{"start":{"line":8,"column":51},"end":{"line":8,"column":63}}]},"3":{"loc":{"start":{"line":19,"column":2},"end":{"line":21,"column":3}},"type":"if","locations":[{"start":{"line":19,"column":2},"end":{"line":21,"column":3}},{"start":{},"end":{}}]},"4":{"loc":{"start":{"line":64,"column":19},"end":{"line":64,"column":107}},"type":"binary-expr","locations":[{"start":{"line":64,"column":19},"end":{"line":64,"column":35}},{"start":{"line":64,"column":40},"end":{"line":64,"column":60}},{"start":{"line":64,"column":64},"end":{"line":64,"column":97}},{"start":{"line":64,"column":102},"end":{"line":64,"column":107}}]}},"s":{"0":2,"1":2,"2":10,"3":2,"4":8,"5":2,"6":2,"7":13,"8":13,"9":13,"10":9,"11":13,"12":2,"13":2,"14":4,"15":2,"16":2,"17":2,"18":2,"19":0,"20":0,"21":0,"22":0,"23":2},"f":{"0":10,"1":13,"2":4,"3":0},"b":{"0":[2,8],"1":[10,9],"2":[8,7,5,4],"3":[9,4],"4":[0,0,0,0]}}
,"/home/bash/Desktop/Upwork projects/whatsappBot/functions/src/utils/vine.ts": {"path":"/home/bash/Desktop/Upwork projects/whatsappBot/functions/src/utils/vine.ts","statementMap":{"0":{"start":{"line":5,"column":34},"end":{"line":11,"column":1}},"1":{"start":{"line":6,"column":2},"end":{"line":6,"column":38}},"2":{"start":{"line":6,"column":20},"end":{"line":6,"column":38}},"3":{"start":{"line":7,"column":2},"end":{"line":7,"column":38}},"4":{"start":{"line":7,"column":20},"end":{"line":7,"column":38}},"5":{"start":{"line":8,"column":2},"end":{"line":8,"column":37}},"6":{"start":{"line":8,"column":20},"end":{"line":8,"column":37}},"7":{"start":{"line":9,"column":2},"end":{"line":9,"column":35}},"8":{"start":{"line":9,"column":19},"end":{"line":9,"column":35}},"9":{"start":{"line":10,"column":2},"end":{"line":10,"column":19}},"10":{"start":{"line":5,"column":13},"end":{"line":5,"column":34}}},"fnMap":{"0":{"name":"(anonymous_0)","decl":{"start":{"line":5,"column":34},"end":{"line":5,"column":35}},"loc":{"start":{"line":5,"column":61},"end":{"line":11,"column":1}}}},"branchMap":{"0":{"loc":{"start":{"line":6,"column":2},"end":{"line":6,"column":38}},"type":"if","locations":[{"start":{"line":6,"column":2},"end":{"line":6,"column":38}},{"start":{},"end":{}}]},"1":{"loc":{"start":{"line":7,"column":2},"end":{"line":7,"column":38}},"type":"if","locations":[{"start":{"line":7,"column":2},"end":{"line":7,"column":38}},{"start":{},"end":{}}]},"2":{"loc":{"start":{"line":8,"column":2},"end":{"line":8,"column":37}},"type":"if","locations":[{"start":{"line":8,"column":2},"end":{"line":8,"column":37}},{"start":{},"end":{}}]},"3":{"loc":{"start":{"line":9,"column":2},"end":{"line":9,"column":35}},"type":"if","locations":[{"start":{"line":9,"column":2},"end":{"line":9,"column":35}},{"start":{},"end":{}}]}},"s":{"0":2,"1":24,"2":4,"3":20,"4":5,"5":15,"6":5,"7":10,"8":5,"9":5,"10":2},"f":{"0":24},"b":{"0":[4,20],"1":[5,15],"2":[5,10],"3":[5,5]}}
}
