TN:
SF:src/handlers/knockHandler.ts
FN:15,(anonymous_1)
FNF:1
FNH:1
FNDA:1,(anonymous_1)
DA:1,1
DA:2,1
DA:3,1
DA:4,1
DA:6,1
DA:8,1
DA:15,1
DA:16,1
DA:18,1
DA:19,1
DA:22,1
DA:23,1
DA:25,1
DA:26,1
DA:27,0
DA:28,0
DA:29,0
DA:30,0
DA:31,0
DA:32,0
DA:36,1
DA:37,1
DA:38,1
DA:39,1
DA:40,1
DA:41,1
DA:46,1
DA:49,1
DA:51,1
DA:54,1
DA:59,1
LF:31
LH:25
BRDA:16,0,0,0
BRDA:16,0,1,1
BRDA:26,1,0,0
BRDA:26,1,1,1
BRDA:27,2,0,0
BRDA:27,2,1,0
BRDA:29,3,0,0
BRDA:29,3,1,0
BRDA:29,4,0,0
BRDA:29,4,1,0
BRDA:31,5,0,0
BRDA:31,5,1,0
BRDA:31,6,0,0
BRDA:31,6,1,0
BRDA:36,7,0,1
BRDA:36,7,1,0
BRDA:36,8,0,1
BRDA:36,8,1,0
BRDA:37,9,0,1
BRDA:37,9,1,0
BRDA:40,10,0,1
BRDA:40,10,1,0
BRDA:40,11,0,1
BRDA:40,11,1,1
BRDA:46,12,0,1
BRDA:46,12,1,0
BRDA:51,13,0,1
BRDA:51,13,1,0
BRF:28
BRH:10
end_of_record
TN:
SF:src/handlers/onboardingHandler.ts
FN:28,(anonymous_10)
FN:60,(anonymous_11)
FN:65,(anonymous_12)
FN:87,(anonymous_13)
FN:125,(anonymous_14)
FNF:5
FNH:0
FNDA:0,(anonymous_10)
FNDA:0,(anonymous_11)
FNDA:0,(anonymous_12)
FNDA:0,(anonymous_13)
FNDA:0,(anonymous_14)
DA:1,1
DA:2,1
DA:9,1
DA:11,1
DA:12,1
DA:14,1
DA:17,1
DA:28,1
DA:30,0
DA:31,0
DA:32,0
DA:33,0
DA:34,0
DA:38,0
DA:39,0
DA:43,0
DA:45,0
DA:50,0
DA:60,1
DA:62,0
DA:65,0
DA:68,0
DA:69,0
DA:71,0
DA:76,0
DA:87,1
DA:89,0
DA:90,0
DA:92,0
DA:93,0
DA:97,0
DA:100,0
DA:103,0
DA:106,0
DA:115,0
DA:118,0
DA:124,0
DA:125,0
DA:128,0
DA:132,0
LF:40
LH:10
BRDA:17,0,0,1
BRDA:17,0,1,1
BRDA:30,1,0,0
BRDA:30,1,1,0
BRDA:30,2,0,0
BRDA:30,2,1,0
BRDA:30,2,2,0
BRDA:30,2,3,0
BRDA:31,3,0,0
BRDA:31,3,1,0
BRDA:32,4,0,0
BRDA:32,4,1,0
BRDA:33,5,0,0
BRDA:33,5,1,0
BRDA:36,6,0,0
BRDA:36,6,1,0
BRDA:89,7,0,0
BRDA:89,7,1,0
BRDA:90,8,0,0
BRDA:90,8,1,0
BRDA:92,9,0,0
BRDA:92,9,1,0
BRDA:124,10,0,0
BRDA:124,10,1,0
BRF:24
BRH:2
end_of_record
TN:
SF:src/handlers/stubHandlers.ts
FN:4,(anonymous_0)
FN:10,(anonymous_1)
FN:12,(anonymous_2)
FN:13,(anonymous_3)
FN:14,(anonymous_4)
FNF:5
FNH:0
FNDA:0,(anonymous_0)
FNDA:0,(anonymous_1)
FNDA:0,(anonymous_2)
FNDA:0,(anonymous_3)
FNDA:0,(anonymous_4)
DA:1,1
DA:2,1
DA:4,1
DA:5,0
DA:8,1
DA:10,1
DA:12,1
DA:13,1
DA:14,1
DA:16,0
LF:10
LH:8
BRF:0
BRH:0
end_of_record
TN:
SF:src/handlers/webhook.ts
FN:14,(anonymous_10)
FN:51,(anonymous_11)
FN:52,(anonymous_12)
FN:53,(anonymous_13)
FN:54,(anonymous_14)
FN:55,(anonymous_15)
FN:57,(anonymous_16)
FN:79,(anonymous_17)
FN:96,(anonymous_18)
FN:105,(anonymous_19)
FN:113,(anonymous_20)
FN:121,(anonymous_21)
FN:141,(anonymous_22)
FN:153,(anonymous_23)
FN:156,(anonymous_24)
FN:163,(anonymous_25)
FN:166,(anonymous_26)
FN:169,(anonymous_27)
FN:183,(anonymous_28)
FN:186,(anonymous_29)
FN:189,(anonymous_30)
FN:192,(anonymous_31)
FN:195,(anonymous_32)
FN:213,(anonymous_33)
FN:219,(anonymous_34)
FNF:25
FNH:9
FNDA:1,(anonymous_10)
FNDA:1,(anonymous_11)
FNDA:1,(anonymous_12)
FNDA:1,(anonymous_13)
FNDA:1,(anonymous_14)
FNDA:1,(anonymous_15)
FNDA:1,(anonymous_16)
FNDA:1,(anonymous_17)
FNDA:0,(anonymous_18)
FNDA:0,(anonymous_19)
FNDA:1,(anonymous_20)
FNDA:0,(anonymous_21)
FNDA:0,(anonymous_22)
FNDA:0,(anonymous_23)
FNDA:0,(anonymous_24)
FNDA:0,(anonymous_25)
FNDA:0,(anonymous_26)
FNDA:0,(anonymous_27)
FNDA:0,(anonymous_28)
FNDA:0,(anonymous_29)
FNDA:0,(anonymous_30)
FNDA:0,(anonymous_31)
FNDA:0,(anonymous_32)
FNDA:0,(anonymous_33)
FNDA:0,(anonymous_34)
DA:1,1
DA:2,1
DA:3,1
DA:4,1
DA:6,1
DA:14,1
DA:15,1
DA:16,1
DA:23,1
DA:24,0
DA:25,0
DA:28,1
DA:29,1
DA:31,1
DA:36,1
DA:38,1
DA:39,0
DA:47,0
DA:51,2
DA:52,2
DA:53,2
DA:54,2
DA:55,1
DA:57,1
DA:58,1
DA:59,1
DA:62,1
DA:63,0
DA:72,0
DA:73,0
DA:74,0
DA:79,2
DA:81,1
DA:82,0
DA:83,0
DA:84,0
DA:87,1
DA:88,0
DA:89,0
DA:90,0
DA:95,1
DA:96,0
DA:97,0
DA:98,0
DA:99,0
DA:104,1
DA:105,0
DA:106,0
DA:107,0
DA:108,0
DA:112,1
DA:113,2
DA:114,1
DA:115,1
DA:116,1
DA:120,0
DA:121,0
DA:122,0
DA:123,0
DA:124,0
DA:128,0
DA:129,0
DA:130,0
DA:131,0
DA:132,0
DA:133,0
DA:134,0
DA:139,0
DA:140,0
DA:141,0
DA:142,0
DA:143,0
DA:144,0
DA:148,0
DA:150,0
DA:151,0
DA:153,0
DA:154,0
DA:156,0
DA:157,0
DA:159,0
DA:160,0
DA:161,0
DA:163,0
DA:164,0
DA:166,0
DA:167,0
DA:169,0
DA:170,0
DA:172,0
DA:173,0
DA:174,0
DA:176,0
DA:177,0
DA:178,0
DA:180,0
DA:181,0
DA:183,0
DA:184,0
DA:186,0
DA:187,0
DA:189,0
DA:190,0
DA:192,0
DA:193,0
DA:195,0
DA:196,0
DA:198,0
DA:200,0
DA:202,1
DA:204,0
DA:205,0
DA:213,1
DA:214,0
DA:215,0
DA:216,0
DA:219,0
DA:223,0
DA:224,0
DA:226,0
LF:120
LH:35
BRDA:23,0,0,0
BRDA:23,0,1,1
BRDA:23,1,0,1
BRDA:23,1,1,1
BRDA:36,2,0,1
BRDA:36,2,1,0
BRDA:36,2,2,1
BRDA:38,3,0,0
BRDA:38,3,1,1
BRDA:43,4,0,0
BRDA:43,4,1,0
BRDA:62,5,0,0
BRDA:62,5,1,1
BRDA:81,6,0,0
BRDA:81,6,1,1
BRDA:87,7,0,0
BRDA:87,7,1,1
BRDA:95,8,0,0
BRDA:95,8,1,1
BRDA:104,9,0,0
BRDA:104,9,1,1
BRDA:112,10,0,1
BRDA:112,10,1,0
BRDA:112,11,0,1
BRDA:112,11,1,1
BRDA:120,12,0,0
BRDA:120,12,1,0
BRDA:128,13,0,0
BRDA:128,13,1,0
BRDA:129,14,0,0
BRDA:129,14,1,0
BRDA:129,15,0,0
BRDA:129,15,1,0
BRDA:139,16,0,0
BRDA:139,16,1,0
BRDA:140,17,0,0
BRDA:140,17,1,0
BRDA:140,18,0,0
BRDA:140,18,1,0
BRDA:148,19,0,0
BRDA:148,19,1,0
BRDA:148,19,2,0
BRDA:148,19,3,0
BRDA:148,19,4,0
BRDA:148,19,5,0
BRDA:148,19,6,0
BRDA:148,19,7,0
BRDA:148,19,8,0
BRDA:148,19,9,0
BRDA:148,19,10,0
BRDA:148,19,11,0
BRDA:148,19,12,0
BRDA:148,19,13,0
BRDA:148,19,14,0
BRDA:148,19,15,0
BRDA:172,20,0,0
BRDA:172,20,1,0
BRDA:176,21,0,0
BRDA:176,21,1,0
BRF:59
BRH:14
end_of_record
TN:
SF:src/handlers/yesHandler.ts
FN:14,(anonymous_1)
FNF:1
FNH:1
FNDA:3,(anonymous_1)
DA:1,1
DA:2,1
DA:3,1
DA:5,1
DA:7,1
DA:9,1
DA:14,1
DA:15,3
DA:17,3
DA:18,3
DA:21,3
DA:24,3
DA:25,3
DA:27,3
DA:29,3
DA:30,2
DA:32,1
DA:33,1
DA:35,0
DA:39,1
DA:46,3
DA:47,3
DA:48,3
DA:49,0
DA:50,3
DA:51,0
DA:52,3
DA:53,0
DA:54,3
DA:55,0
DA:56,3
DA:57,0
DA:58,3
DA:59,0
DA:60,3
DA:61,0
DA:65,3
DA:66,3
LF:38
LH:30
BRDA:15,0,0,0
BRDA:15,0,1,3
BRDA:21,1,0,1
BRDA:21,1,1,2
BRDA:21,2,0,3
BRDA:21,2,1,2
BRDA:24,3,0,3
BRDA:24,3,1,0
BRDA:25,4,0,3
BRDA:25,4,1,0
BRDA:29,5,0,2
BRDA:29,5,1,1
BRDA:32,6,0,1
BRDA:32,6,1,0
BRDA:46,7,0,3
BRDA:46,7,1,0
BRDA:47,8,0,3
BRDA:47,8,1,3
BRDA:48,9,0,0
BRDA:48,9,1,3
BRDA:50,10,0,0
BRDA:50,10,1,3
BRDA:52,11,0,0
BRDA:52,11,1,3
BRDA:54,12,0,0
BRDA:54,12,1,3
BRDA:56,13,0,0
BRDA:56,13,1,3
BRDA:58,14,0,0
BRDA:58,14,1,3
BRDA:60,15,0,0
BRDA:60,15,1,3
BRF:32
BRH:20
end_of_record
TN:
SF:src/services/fuzzyMatchService.ts
FN:14,(anonymous_0)
FNF:1
FNH:1
FNDA:53,(anonymous_0)
DA:1,2
DA:2,2
DA:4,2
DA:14,2
DA:15,53
DA:17,53
DA:20,48
DA:21,35
DA:25,13
DA:26,13
DA:27,0
DA:31,13
DA:32,13
DA:34,13
DA:35,195
DA:39,195
DA:41,195
DA:42,5
DA:43,5
DA:44,5
DA:49,13
DA:50,5
DA:54,8
DA:55,5
DA:56,5
DA:58,5
DA:59,75
DA:60,75
DA:61,0
DA:62,0
DA:66,5
DA:69,8
LF:32
LH:29
BRDA:17,0,0,5
BRDA:17,0,1,48
BRDA:20,1,0,35
BRDA:20,1,1,13
BRDA:26,2,0,0
BRDA:26,2,1,13
BRDA:41,3,0,5
BRDA:41,3,1,190
BRDA:41,4,0,195
BRDA:41,4,1,191
BRDA:41,4,2,1
BRDA:42,5,0,5
BRDA:42,5,1,0
BRDA:49,6,0,5
BRDA:49,6,1,8
BRDA:54,7,0,5
BRDA:54,7,1,3
BRDA:60,8,0,0
BRDA:60,8,1,75
BRDA:60,9,0,75
BRDA:60,9,1,0
BRDA:66,10,0,0
BRDA:66,10,1,5
BRF:23
BRH:18
end_of_record
TN:
SF:src/services/journalService.ts
FN:9,(anonymous_1)
FN:38,(anonymous_2)
FNF:2
FNH:2
FNDA:1,(anonymous_1)
FNDA:1,(anonymous_2)
DA:1,1
DA:2,1
DA:4,1
DA:9,1
DA:10,1
DA:11,1
DA:13,1
DA:16,1
DA:17,1
DA:19,1
DA:24,1
DA:31,1
DA:32,1
DA:38,1
DA:39,1
DA:42,1
DA:47,1
LF:17
LH:17
BRF:0
BRH:0
end_of_record
TN:
SF:src/services/prayerCardService.ts
FN:25,(anonymous_1)
FN:50,(anonymous_2)
FN:69,(anonymous_3)
FN:92,(anonymous_4)
FN:121,(anonymous_5)
FN:146,(anonymous_6)
FNF:6
FNH:6
FNDA:5,(anonymous_1)
FNDA:1,(anonymous_2)
FNDA:4,(anonymous_3)
FNDA:3,(anonymous_4)
FNDA:4,(anonymous_5)
FNDA:2,(anonymous_6)
DA:1,1
DA:4,1
DA:16,1
DA:25,1
DA:29,5
DA:30,5
DA:37,5
DA:38,2
DA:39,2
DA:42,3
DA:50,1
DA:51,1
DA:52,1
DA:58,1
DA:59,0
DA:60,0
DA:63,1
DA:69,1
DA:73,4
DA:74,4
DA:81,4
DA:82,2
DA:83,2
DA:86,2
DA:92,1
DA:96,3
DA:97,3
DA:99,2
DA:100,2
DA:101,1
DA:105,1
DA:108,1
DA:121,1
DA:125,4
DA:126,4
DA:134,4
DA:135,2
DA:136,2
DA:139,2
DA:146,1
DA:150,2
DA:151,2
DA:152,2
DA:154,1
LF:44
LH:42
BRDA:37,0,0,2
BRDA:37,0,1,3
BRDA:58,1,0,0
BRDA:58,1,1,1
BRDA:81,2,0,2
BRDA:81,2,1,2
BRDA:97,3,0,1
BRDA:97,3,1,2
BRDA:100,4,0,1
BRDA:100,4,1,1
BRDA:134,5,0,2
BRDA:134,5,1,2
BRDA:152,6,0,1
BRDA:152,6,1,1
BRF:14
BRH:13
end_of_record
TN:
SF:src/services/questProgressService.ts
FN:14,(anonymous_1)
FN:27,(anonymous_2)
FN:40,(anonymous_3)
FN:48,(anonymous_4)
FN:58,(anonymous_5)
FN:87,(anonymous_6)
FNF:6
FNH:6
FNDA:2,(anonymous_1)
FNDA:1,(anonymous_2)
FNDA:1,(anonymous_3)
FNDA:1,(anonymous_4)
FNDA:1,(anonymous_5)
FNDA:1,(anonymous_6)
DA:1,1
DA:2,1
DA:4,1
DA:14,1
DA:15,2
DA:16,2
DA:17,2
DA:18,1
DA:19,1
DA:27,1
DA:28,1
DA:29,1
DA:37,1
DA:40,1
DA:41,1
DA:42,1
DA:48,1
DA:49,1
DA:50,1
DA:55,1
DA:58,1
DA:59,1
DA:60,1
DA:61,1
DA:62,1
DA:64,1
DA:67,1
DA:73,1
DA:77,1
DA:80,1
DA:81,1
DA:87,1
DA:93,1
DA:94,1
DA:95,1
DA:101,1
LF:36
LH:36
BRDA:17,0,0,1
BRDA:17,0,1,1
BRDA:81,1,0,1
BRDA:81,1,1,0
BRF:4
BRH:3
end_of_record
TN:
SF:src/services/quizSessionService.ts
FN:29,(anonymous_1)
FN:56,(anonymous_2)
FN:85,(anonymous_3)
FN:110,(anonymous_4)
FNF:4
FNH:4
FNDA:4,(anonymous_1)
FNDA:1,(anonymous_2)
FNDA:2,(anonymous_3)
FNDA:1,(anonymous_4)
DA:1,1
DA:3,1
DA:5,1
DA:29,1
DA:30,4
DA:32,4
DA:33,4
DA:35,3
DA:36,3
DA:38,2
DA:39,2
DA:40,2
DA:42,1
DA:44,1
DA:56,1
DA:62,1
DA:64,1
DA:72,1
DA:85,1
DA:89,2
DA:90,2
DA:92,2
DA:93,2
DA:94,2
DA:95,2
DA:97,2
DA:103,2
DA:104,2
DA:110,1
DA:111,1
DA:112,1
DA:118,1
LF:32
LH:32
BRDA:33,0,0,1
BRDA:33,0,1,3
BRDA:36,1,0,1
BRDA:36,1,1,2
BRDA:40,2,0,1
BRDA:40,2,1,1
BRDA:46,3,0,1
BRDA:46,3,1,0
BRDA:47,4,0,1
BRDA:47,4,1,0
BRDA:49,5,0,1
BRDA:49,5,1,1
BRDA:94,6,0,2
BRDA:94,6,1,0
BRDA:95,7,0,2
BRDA:95,7,1,0
BRDA:95,8,0,1
BRDA:95,8,1,1
BRF:18
BRH:14
end_of_record
TN:
SF:src/services/streakService.ts
FN:18,(anonymous_1)
FN:22,(anonymous_2)
FNF:2
FNH:2
FNDA:3,(anonymous_1)
FNDA:3,(anonymous_2)
DA:1,1
DA:2,1
DA:3,1
DA:4,1
DA:6,1
DA:18,1
DA:19,3
DA:20,3
DA:22,3
DA:23,3
DA:24,3
DA:26,2
DA:27,2
DA:28,2
DA:32,2
DA:34,2
DA:35,2
DA:38,2
DA:44,2
DA:49,2
DA:51,2
DA:52,1
DA:53,1
DA:56,1
DA:57,1
DA:59,1
DA:64,1
DA:65,1
LF:28
LH:28
BRDA:18,0,0,1
BRDA:24,1,0,1
BRDA:24,1,1,2
BRDA:28,2,0,2
BRDA:28,2,1,0
BRDA:32,3,0,2
BRDA:32,3,1,1
BRDA:49,4,0,2
BRDA:49,4,1,1
BRDA:51,5,0,1
BRDA:51,5,1,1
BRF:11
BRH:10
end_of_record
TN:
SF:src/services/userService.ts
FN:16,(anonymous_1)
FN:112,(anonymous_2)
FN:122,(anonymous_3)
FN:131,(anonymous_4)
FN:147,(anonymous_5)
FN:163,(anonymous_6)
FNF:6
FNH:6
FNDA:2,(anonymous_1)
FNDA:2,(anonymous_2)
FNDA:1,(anonymous_3)
FNDA:1,(anonymous_4)
FNDA:1,(anonymous_5)
FNDA:1,(anonymous_6)
DA:1,1
DA:2,1
DA:3,1
DA:4,1
DA:10,1
DA:16,1
DA:22,2
DA:25,2
DA:26,2
DA:45,2
DA:47,2
DA:48,2
DA:49,2
DA:51,2
DA:52,1
DA:53,1
DA:56,1
DA:58,1
DA:59,1
DA:60,1
DA:61,1
DA:62,1
DA:64,1
DA:104,1
DA:105,1
DA:106,1
DA:112,1
DA:113,2
DA:114,2
DA:115,2
DA:116,2
DA:122,1
DA:123,1
DA:124,1
DA:125,1
DA:131,1
DA:135,1
DA:136,1
DA:137,1
DA:147,1
DA:148,1
DA:149,1
DA:150,1
DA:157,1
DA:163,1
DA:167,1
DA:168,1
DA:169,1
LF:48
LH:48
BRDA:19,0,0,1
BRDA:20,1,0,1
BRDA:45,2,0,2
BRDA:45,2,1,1
BRDA:45,2,2,1
BRDA:51,3,0,1
BRDA:51,3,1,1
BRDA:116,4,0,1
BRDA:116,4,1,1
BRF:9
BRH:9
end_of_record
TN:
SF:src/utils/normalizeInput.ts
FN:4,(anonymous_0)
FNF:1
FNH:1
FNDA:69,(anonymous_0)
DA:4,3
DA:5,69
DA:6,65
LF:3
LH:3
BRDA:5,0,0,4
BRDA:5,0,1,65
BRF:2
BRH:2
end_of_record
TN:
SF:src/utils/timeParser.ts
FN:18,(anonymous_0)
FNF:1
FNH:0
FNDA:0,(anonymous_0)
DA:18,1
DA:19,0
DA:22,0
DA:23,0
DA:25,0
DA:27,0
DA:28,0
DA:29,0
DA:31,0
DA:32,0
DA:34,0
DA:35,0
DA:36,0
DA:37,0
DA:41,0
DA:43,0
DA:44,0
LF:17
LH:1
BRDA:25,0,0,0
BRDA:25,0,1,0
BRDA:28,1,0,0
BRDA:28,1,1,0
BRDA:31,2,0,0
BRDA:31,2,1,0
BRDA:31,3,0,0
BRDA:31,3,1,0
BRDA:32,4,0,0
BRDA:32,4,1,0
BRDA:32,5,0,0
BRDA:32,5,1,0
BRDA:34,6,0,0
BRDA:34,6,1,0
BRDA:35,7,0,0
BRDA:35,7,1,0
BRDA:36,8,0,0
BRDA:36,8,1,0
BRDA:37,9,0,0
BRDA:37,9,1,0
BRDA:41,10,0,0
BRDA:41,10,1,0
BRDA:41,11,0,0
BRDA:41,11,1,0
BRF:24
BRH:0
end_of_record
TN:
SF:src/utils/timezone.ts
FN:6,(anonymous_0)
FN:15,(anonymous_1)
FN:30,(anonymous_2)
FN:56,(anonymous_3)
FNF:4
FNH:3
FNDA:10,(anonymous_0)
FNDA:13,(anonymous_1)
FNDA:4,(anonymous_2)
FNDA:0,(anonymous_3)
DA:1,2
DA:6,2
DA:7,10
DA:8,8
DA:15,2
DA:16,13
DA:17,13
DA:19,13
DA:20,9
DA:23,13
DA:30,2
DA:31,4
DA:34,2
DA:36,2
DA:56,2
DA:63,0
DA:64,0
DA:66,0
DA:70,0
LF:19
LH:15
BRDA:7,0,0,2
BRDA:7,0,1,8
BRDA:7,1,0,10
BRDA:7,1,1,9
BRDA:8,2,0,8
BRDA:8,2,1,7
BRDA:8,2,2,5
BRDA:8,2,3,4
BRDA:19,3,0,9
BRDA:19,3,1,4
BRDA:64,4,0,0
BRDA:64,4,1,0
BRDA:64,4,2,0
BRDA:64,4,3,0
BRF:14
BRH:10
end_of_record
TN:
SF:src/utils/vine.ts
FN:5,(anonymous_0)
FNF:1
FNH:1
FNDA:24,(anonymous_0)
DA:5,2
DA:6,24
DA:7,20
DA:8,15
DA:9,10
DA:10,5
LF:6
LH:6
BRDA:6,0,0,4
BRDA:6,0,1,20
BRDA:7,1,0,5
BRDA:7,1,1,15
BRDA:8,2,0,5
BRDA:8,2,1,10
BRDA:9,3,0,5
BRDA:9,3,1,5
BRF:8
BRH:8
end_of_record
